2010-03-31 11:11:11,046 - Default Properties File: org\apache\velocity\runtime\defaults\velocity.properties
2010-03-31 11:11:11,046 - Trying to use logger class org.apache.velocity.runtime.log.AvalonLogChute
2010-03-31 11:11:11,046 - Target log system for org.apache.velocity.runtime.log.AvalonLogChute is not available (java.lang.NoClassDefFoundError: org/apache/log/format/Formatter).  Falling back to next log system...
2010-03-31 11:11:11,046 - Trying to use logger class org.apache.velocity.runtime.log.Log4JLogChute
2010-03-31 11:11:11,046 - Using logger class org.apache.velocity.runtime.log.Log4JLogChute
2010-03-31 11:11:11,046 - ResourceLoader instantiated: org.apache.velocity.runtime.resource.loader.FileResourceLoader
2010-03-31 11:11:11,046 - Do unicode file recognition:  false
2010-03-31 11:11:11,046 - FileResourceLoader : adding path '.'
2010-03-31 11:11:11,046 - ResourceCache: initialized (class org.apache.velocity.runtime.resource.ResourceCacheImpl) with class java.util.Collections$SynchronizedMap cache map.
2010-03-31 11:11:11,046 - Loaded System Directive: org.apache.velocity.runtime.directive.Define
2010-03-31 11:11:11,046 - Loaded System Directive: org.apache.velocity.runtime.directive.Break
2010-03-31 11:11:11,046 - Loaded System Directive: org.apache.velocity.runtime.directive.Evaluate
2010-03-31 11:11:11,046 - Loaded System Directive: org.apache.velocity.runtime.directive.Literal
2010-03-31 11:11:11,046 - Loaded System Directive: org.apache.velocity.runtime.directive.Macro
2010-03-31 11:11:11,046 - Loaded System Directive: org.apache.velocity.runtime.directive.Parse
2010-03-31 11:11:11,046 - Loaded System Directive: org.apache.velocity.runtime.directive.Include
2010-03-31 11:11:11,046 - Loaded System Directive: org.apache.velocity.runtime.directive.Foreach
2010-03-31 11:11:11,061 - Created '20' parsers.
2010-03-31 11:11:11,061 - Velocimacro : "velocimacro.library" is not set.  Trying default library: VM_global_library.vm
2010-03-31 11:11:11,061 - Velocimacro : Default library not found.
2010-03-31 11:11:11,061 - Velocimacro : allowInline = true : VMs can be defined inline in templates
2010-03-31 11:11:11,061 - Velocimacro : allowInlineToOverride = false : VMs defined inline may NOT replace previous VM definitions
2010-03-31 11:11:11,061 - Velocimacro : allowInlineLocal = false : VMs defined inline will be global in scope if allowed.
2010-03-31 11:11:11,061 - Velocimacro : autoload off : VM system will not automatically reload global library macros
2010-03-31 11:11:27,592 - Log4JLogChute initialized using file 'velocity.log'
2010-03-31 11:11:27,592 - Starting Apache Velocity v1.6.2 (compiled: 2009-02-19 16:29:46)
2010-03-31 11:11:27,592 - Default Properties File: org\apache\velocity\runtime\defaults\velocity.properties
2010-03-31 11:11:27,592 - Trying to use logger class org.apache.velocity.runtime.log.AvalonLogChute
2010-03-31 11:11:27,592 - Target log system for org.apache.velocity.runtime.log.AvalonLogChute is not available (java.lang.NoClassDefFoundError: org/apache/log/format/Formatter).  Falling back to next log system...
2010-03-31 11:11:27,592 - Trying to use logger class org.apache.velocity.runtime.log.Log4JLogChute
2010-03-31 11:11:27,592 - Using logger class org.apache.velocity.runtime.log.Log4JLogChute
2010-03-31 11:11:27,592 - ResourceLoader instantiated: org.apache.velocity.runtime.resource.loader.FileResourceLoader
2010-03-31 11:11:27,592 - Do unicode file recognition:  false
2010-03-31 11:11:27,592 - FileResourceLoader : adding path '.'
2010-03-31 11:11:27,592 - ResourceCache: initialized (class org.apache.velocity.runtime.resource.ResourceCacheImpl) with class java.util.Collections$SynchronizedMap cache map.
2010-03-31 11:11:27,592 - Loaded System Directive: org.apache.velocity.runtime.directive.Define
2010-03-31 11:11:27,592 - Loaded System Directive: org.apache.velocity.runtime.directive.Break
2010-03-31 11:11:27,592 - Loaded System Directive: org.apache.velocity.runtime.directive.Evaluate
2010-03-31 11:11:27,592 - Loaded System Directive: org.apache.velocity.runtime.directive.Literal
2010-03-31 11:11:27,592 - Loaded System Directive: org.apache.velocity.runtime.directive.Macro
2010-03-31 11:11:27,592 - Loaded System Directive: org.apache.velocity.runtime.directive.Parse
2010-03-31 11:11:27,592 - Loaded System Directive: org.apache.velocity.runtime.directive.Include
2010-03-31 11:11:27,592 - Loaded System Directive: org.apache.velocity.runtime.directive.Foreach
2010-03-31 11:11:27,608 - Created '20' parsers.
2010-03-31 11:11:27,608 - Velocimacro : "velocimacro.library" is not set.  Trying default library: VM_global_library.vm
2010-03-31 11:11:27,608 - Velocimacro : Default library not found.
2010-03-31 11:11:27,608 - Velocimacro : allowInline = true : VMs can be defined inline in templates
2010-03-31 11:11:27,608 - Velocimacro : allowInlineToOverride = false : VMs defined inline may NOT replace previous VM definitions
2010-03-31 11:11:27,608 - Velocimacro : allowInlineLocal = false : VMs defined inline will be global in scope if allowed.
2010-03-31 11:11:27,608 - Velocimacro : autoload off : VM system will not automatically reload global library macros
 Velocimacro : allowInlineLocal = false : VMs defined inline will be global in scope if allowed.
2010-03-31 11:11:27,608 - Velocimacro : autoload off : VM system will not automatically reload global library macros
2010-03-31 11:15:34,811 - Log4JLogChute initialized using file 'velocity.log'
2010-03-31 11:15:34,811 - Starting Apache Velocity v1.6.2 (compiled: 2009-02-19 16:29:46)
2010-03-31 11:15:34,811 - Default Properties File: org\apache\velocity\runtime\defaults\velocity.properties
2010-03-31 11:15:34,811 - Trying to use logger class org.apache.velocity.runtime.log.AvalonLogChute
2010-03-31 11:15:34,811 - Target log system for org.apache.velocity.runtime.log.AvalonLogChute is not available (java.lang.NoClassDefFoundError: org/apache/log/format/Formatter).  Falling back to next log system...
2010-03-31 11:15:34,811 - Trying to use logger class org.apache.velocity.runtime.log.Log4JLogChute
2010-03-31 11:15:34,811 - Using logger class org.apache.velocity.runtime.log.Log4JLogChute
2010-03-31 11:15:34,827 - ResourceLoader instantiated: org.apache.velocity.runtime.resource.loader.FileResourceLoader
2010-03-31 11:15:34,827 - Do unicode file recognition:  false
2010-03-31 11:15:34,827 - FileResourceLoader : adding path '.'
2010-03-31 11:15:34,827 - ResourceCache: initialized (class org.apache.velocity.runtime.resource.ResourceCacheImpl) with class java.util.Collections$SynchronizedMap cache map.
2010-03-31 11:15:34,827 - Loaded System Directive: org.apache.velocity.runtime.directive.Define
2010-03-31 11:15:34,827 - Loaded System Directive: org.apache.velocity.runtime.directive.Break
2010-03-31 11:15:34,827 - Loaded System Directive: org.apache.velocity.runtime.directive.Evaluate
2010-03-31 11:15:34,827 - Loaded System Directive: org.apache.velocity.runtime.directive.Literal
2010-03-31 11:15:34,827 - Loaded System Directive: org.apache.velocity.runtime.directive.Macro
2010-03-31 11:15:34,827 - Loaded System Directive: org.apache.velocity.runtime.directive.Parse
2010-03-31 11:15:34,827 - Loaded System Directive: org.apache.velocity.runtime.directive.Include
2010-03-31 11:15:34,827 - Loaded System Directive: org.apache.velocity.runtime.directive.Foreach
2010-03-31 11:15:34,827 - Created '20' parsers.
2010-03-31 11:15:34,827 - Velocimacro : "velocimacro.library" is not set.  Trying default library: VM_global_library.vm
2010-03-31 11:15:34,827 - Velocimacro : Default library not found.
2010-03-31 11:15:34,827 - Velocimacro : allowInline = true : VMs can be defined inline in templates
2010-03-31 11:15:34,827 - Velocimacro : allowInlineToOverride = false : VMs defined inline may NOT replace previous VM definitions
2010-03-31 11:15:34,827 - Velocimacro : allowInlineLocal = false : VMs defined inline will be global in scope if allowed.
2010-03-31 11:15:34,827 - Velocimacro : autoload off : VM system will not automatically reload global library macros
2010-03-31 11:15:51,264 - Log4JLogChute initialized using file 'velocity.log'
2010-03-31 11:15:51,264 - Log4JLogChute initialized using file 'velocity.log'
2010-03-31 11:15:51,264 - Starting Apache Velocity v1.6.2 (compiled: 2009-02-19 16:29:46)
2010-03-31 11:15:51,264 - Starting Apache Velocity v1.6.2 (compiled: 2009-02-19 16:29:46)
2010-03-31 11:15:51,264 - Default Properties File: org\apache\velocity\runtime\defaults\velocity.properties
2010-03-31 11:15:51,264 - Default Properties File: org\apache\velocity\runtime\defaults\velocity.properties
2010-03-31 11:15:51,264 - Trying to use logger class org.apache.velocity.runtime.log.AvalonLogChute
2010-03-31 11:15:51,264 - Trying to use logger class org.apache.velocity.runtime.log.AvalonLogChute
2010-03-31 11:15:51,264 - Target log system for org.apache.velocity.runtime.log.AvalonLogChute is not available (java.lang.NoClassDefFoundError: org/apache/log/format/Formatter).  Falling back to next log system...
2010-03-31 11:15:51,264 - Target log system for org.apache.velocity.runtime.log.AvalonLogChute is not available (java.lang.NoClassDefFoundError: org/apache/log/format/Formatter).  Falling back to next log system...
2010-03-31 11:15:51,264 - Trying to use logger class org.apache.velocity.runtime.log.Log4JLogChute
2010-03-31 11:15:51,264 - Trying to use logger class org.apache.velocity.runtime.log.Log4JLogChute
2010-03-31 11:15:51,264 - Using logger class org.apache.velocity.runtime.log.Log4JLogChute
2010-03-31 11:15:51,264 - Using logger class org.apache.velocity.runtime.log.Log4JLogChute
2010-03-31 11:15:51,264 - ResourceLoader instantiated: org.apache.velocity.runtime.resource.loader.FileResourceLoader
2010-03-31 11:15:51,264 - ResourceLoader instantiated: org.apache.velocity.runtime.resource.loader.FileResourceLoader
2010-03-31 11:15:51,264 - Do unicode file recognition:  false
2010-03-31 11:15:51,264 - Do unicode file recognition:  false
2010-03-31 11:15:51,264 - FileResourceLoader : adding path '.'
2010-03-31 11:15:51,264 - FileResourceLoader : adding path '.'
2010-03-31 11:15:51,264 - ResourceCache: initialized (class org.apache.velocity.runtime.resource.ResourceCacheImpl) with class java.util.Collections$SynchronizedMap cache map.
2010-03-31 11:15:51,264 - ResourceCache: initialized (class org.apache.velocity.runtime.resource.ResourceCacheImpl) with class java.util.Collections$SynchronizedMap cache map.
2010-03-31 11:15:51,264 - Loaded System Directive: org.apache.velocity.runtime.directive.Define
2010-03-31 11:15:51,264 - Loaded System Directive: org.apache.velocity.runtime.directive.Define
2010-03-31 11:15:51,264 - Loaded System Directive: org.apache.velocity.runtime.directive.Break
2010-03-31 11:15:51,264 - Loaded System Directive: org.apache.velocity.runtime.directive.Break
2010-03-31 11:15:51,264 - Loaded System Directive: org.apache.velocity.runtime.directive.Evaluate
2010-03-31 11:15:51,264 - Loaded System Directive: org.apache.velocity.runtime.directive.Evaluate
2010-03-31 11:15:51,264 - Loaded System Directive: org.apache.velocity.runtime.directive.Literal
2010-03-31 11:15:51,264 - Loaded System Directive: org.apache.velocity.runtime.directive.Literal
2010-03-31 11:15:51,264 - Loaded System Directive: org.apache.velocity.runtime.directive.Macro
2010-03-31 11:15:51,264 - Loaded System Directive: org.apache.velocity.runtime.directive.Macro
2010-03-31 11:15:51,264 - Loaded System Directive: org.apache.velocity.runtime.directive.Parse
2010-03-31 11:15:51,264 - Loaded System Directive: org.apache.velocity.runtime.directive.Parse
2010-03-31 11:15:51,264 - Loaded System Directive: org.apache.velocity.runtime.directive.Include
2010-03-31 11:15:51,264 - Loaded System Directive: org.apache.velocity.runtime.directive.Include
2010-03-31 11:15:51,264 - Loaded System Directive: org.apache.velocity.runtime.directive.Foreach
2010-03-31 11:15:51,264 - Loaded System Directive: org.apache.velocity.runtime.directive.Foreach
2010-03-31 11:15:51,280 - Created '20' parsers.
2010-03-31 11:15:51,280 - Created '20' parsers.
2010-03-31 11:15:51,280 - Velocimacro : "velocimacro.library" is not set.  Trying default library: VM_global_library.vm
2010-03-31 11:15:51,280 - Velocimacro : "velocimacro.library" is not set.  Trying default library: VM_global_library.vm
2010-03-31 11:15:51,280 - Velocimacro : Default library not found.
2010-03-31 11:15:51,280 - Velocimacro : Default library not found.
2010-03-31 11:15:51,280 - Velocimacro : allowInline = true : VMs can be defined inline in templates
2010-03-31 11:15:51,280 - Velocimacro : allowInline = true : VMs can be defined inline in templates
2010-03-31 11:15:51,280 - Velocimacro : allowInlineToOverride = false : VMs defined inline may NOT replace previous VM definitions
2010-03-31 11:15:51,280 - Velocimacro : allowInlineToOverride = false : VMs defined inline may NOT replace previous VM definitions
2010-03-31 11:15:51,280 - Velocimacro : allowInlineLocal = false : VMs defined inline will be global in scope if allowed.
2010-03-31 11:15:51,280 - Velocimacro : allowInlineLocal = false : VMs defined inline will be global in scope if allowed.
2010-03-31 11:15:51,280 - Velocimacro : autoload off : VM system will not automatically reload global library macros
2010-03-31 11:15:51,280 - Velocimacro : autoload off : VM system will not automatically reload global library macros
2010-03-31 11:18:00,030 - Log4JLogChute initialized using file 'velocity.log'
2010-03-31 11:18:00,030 - Starting Apache Velocity v1.6.2 (compiled: 2009-02-19 16:29:46)
2010-03-31 11:18:00,030 - Default Properties File: org\apache\velocity\runtime\defaults\velocity.properties
2010-03-31 11:18:00,030 - Trying to use logger class org.apache.velocity.runtime.log.AvalonLogChute
2010-03-31 11:18:00,030 - Target log system for org.apache.velocity.runtime.log.AvalonLogChute is not available (java.lang.NoClassDefFoundError: org/apache/log/format/Formatter).  Falling back to next log system...
2010-03-31 11:18:00,030 - Trying to use logger class org.apache.velocity.runtime.log.Log4JLogChute
2010-03-31 11:18:00,030 - Using logger class org.apache.velocity.runtime.log.Log4JLogChute
2010-03-31 11:18:00,030 - ResourceLoader instantiated: org.apache.velocity.runtime.resource.loader.FileResourceLoader
2010-03-31 11:18:00,030 - Do unicode file recognition:  false
2010-03-31 11:18:00,030 - FileResourceLoader : adding path '.'
2010-03-31 11:18:00,030 - ResourceCache: initialized (class org.apache.velocity.runtime.resource.ResourceCacheImpl) with class java.util.Collections$SynchronizedMap cache map.
2010-03-31 11:18:00,030 - Loaded System Directive: org.apache.velocity.runtime.directive.Define
2010-03-31 11:18:00,030 - Loaded System Directive: org.apache.velocity.runtime.directive.Break
2010-03-31 11:18:00,030 - Loaded System Directive: org.apache.velocity.runtime.directive.Evaluate
2010-03-31 11:18:00,030 - Loaded System Directive: org.apache.velocity.runtime.directive.Literal
2010-03-31 11:18:00,030 - Loaded System Directive: org.apache.velocity.runtime.directive.Macro
2010-03-31 11:18:00,030 - Loaded System Directive: org.apache.velocity.runtime.directive.Parse
2010-03-31 11:18:00,030 - Loaded System Directive: org.apache.velocity.runtime.directive.Include
2010-03-31 11:18:00,030 - Loaded System Directive: org.apache.velocity.runtime.directive.Foreach
2010-03-31 11:18:00,030 - Created '20' parsers.
2010-03-31 11:18:00,030 - Velocimacro : "velocimacro.library" is not set.  Trying default library: VM_global_library.vm
2010-03-31 11:18:00,030 - Velocimacro : Default library not found.
2010-03-31 11:18:00,030 - Velocimacro : allowInline = true : VMs can be defined inline in templates
2010-03-31 11:18:00,030 - Velocimacro : allowInlineToOverride = false : VMs defined inline may NOT replace previous VM definitions
2010-03-31 11:18:00,030 - Velocimacro : allowInlineLocal = false : VMs defined inline will be global in scope if allowed.
2010-03-31 11:18:00,030 - Velocimacro : autoload off : VM system will not automatically reload global library macros
2010-03-31 11:18:18,217 - Log4JLogChute initialized using file 'velocity.log'
2010-03-31 11:18:18,217 - Log4JLogChute initialized using file 'velocity.log'
2010-03-31 11:18:18,217 - Starting Apache Velocity v1.6.2 (compiled: 2009-02-19 16:29:46)
2010-03-31 11:18:18,217 - Starting Apache Velocity v1.6.2 (compiled: 2009-02-19 16:29:46)
2010-03-31 11:18:18,217 - Default Properties File: org\apache\velocity\runtime\defaults\velocity.properties
2010-03-31 11:18:18,217 - Default Properties File: org\apache\velocity\runtime\defaults\velocity.properties
2010-03-31 11:18:18,217 - Trying to use logger class org.apache.velocity.runtime.log.AvalonLogChute
2010-03-31 11:18:18,217 - Trying to use logger class org.apache.velocity.runtime.log.AvalonLogChute
2010-03-31 11:18:18,217 - Target log system for org.apache.velocity.runtime.log.AvalonLogChute is not available (java.lang.NoClassDefFoundError: org/apache/log/format/Formatter).  Falling back to next log system...
2010-03-31 11:18:18,217 - Target log system for org.apache.velocity.runtime.log.AvalonLogChute is not available (java.lang.NoClassDefFoundError: org/apache/log/format/Formatter).  Falling back to next log system...
2010-03-31 11:18:18,217 - Trying to use logger class org.apache.velocity.runtime.log.Log4JLogChute
2010-03-31 11:18:18,217 - Trying to use logger class org.apache.velocity.runtime.log.Log4JLogChute
2010-03-31 11:18:18,217 - Using logger class org.apache.velocity.runtime.log.Log4JLogChute
2010-03-31 11:18:18,217 - Using logger class org.apache.velocity.runtime.log.Log4JLogChute
2010-03-31 11:18:18,217 - ResourceLoader instantiated: org.apache.velocity.runtime.resource.loader.FileResourceLoader
2010-03-31 11:18:18,217 - ResourceLoader instantiated: org.apache.velocity.runtime.resource.loader.FileResourceLoader
2010-03-31 11:18:18,217 - Do unicode file recognition:  false
2010-03-31 11:18:18,217 - Do unicode file recognition:  false
2010-03-31 11:18:18,217 - FileResourceLoader : adding path '.'
2010-03-31 11:18:18,217 - FileResourceLoader : adding path '.'
2010-03-31 11:18:18,217 - ResourceCache: initialized (class org.apache.velocity.runtime.resource.ResourceCacheImpl) with class java.util.Collections$SynchronizedMap cache map.
2010-03-31 11:18:18,217 - ResourceCache: initialized (class org.apache.velocity.runtime.resource.ResourceCacheImpl) with class java.util.Collections$SynchronizedMap cache map.
2010-03-31 11:18:18,217 - Loaded System Directive: org.apache.velocity.runtime.directive.Define
2010-03-31 11:18:18,217 - Loaded System Directive: org.apache.velocity.runtime.directive.Define
2010-03-31 11:18:18,217 - Loaded System Directive: org.apache.velocity.runtime.directive.Break
2010-03-31 11:18:18,217 - Loaded System Directive: org.apache.velocity.runtime.directive.Break
2010-03-31 11:18:18,217 - Loaded System Directive: org.apache.velocity.runtime.directive.Evaluate
2010-03-31 11:18:18,217 - Loaded System Directive: org.apache.velocity.runtime.directive.Evaluate
2010-03-31 11:18:18,217 - Loaded System Directive: org.apache.velocity.runtime.directive.Literal
2010-03-31 11:18:18,217 - Loaded System Directive: org.apache.velocity.runtime.directive.Literal
2010-03-31 11:18:18,217 - Loaded System Directive: org.apache.velocity.runtime.directive.Macro
2010-03-31 11:18:18,217 - Loaded System Directive: org.apache.velocity.runtime.directive.Macro
2010-03-31 11:18:18,217 - Loaded System Directive: org.apache.velocity.runtime.directive.Parse
2010-03-31 11:18:18,217 - Loaded System Directive: org.apache.velocity.runtime.directive.Parse
2010-03-31 11:18:18,217 - Loaded System Directive: org.apache.velocity.runtime.directive.Include
2010-03-31 11:18:18,217 - Loaded System Directive: org.apache.velocity.runtime.directive.Include
2010-03-31 11:18:18,217 - Loaded System Directive: org.apache.velocity.runtime.directive.Foreach
2010-03-31 11:18:18,217 - Loaded System Directive: org.apache.velocity.runtime.directive.Foreach
2010-03-31 11:18:18,233 - Created '20' parsers.
2010-03-31 11:18:18,233 - Created '20' parsers.
2010-03-31 11:18:18,233 - Velocimacro : "velocimacro.library" is not set.  Trying default library: VM_global_library.vm
2010-03-31 11:18:18,233 - Velocimacro : "velocimacro.library" is not set.  Trying default library: VM_global_library.vm
2010-03-31 11:18:18,233 - Velocimacro : Default library not found.
2010-03-31 11:18:18,233 - Velocimacro : Default library not found.
2010-03-31 11:18:18,233 - Velocimacro : allowInline = true : VMs can be defined inline in templates
2010-03-31 11:18:18,233 - Velocimacro : allowInline = true : VMs can be defined inline in templates
2010-03-31 11:18:18,233 - Velocimacro : allowInlineToOverride = false : VMs defined inline may NOT replace previous VM definitions
2010-03-31 11:18:18,233 - Velocimacro : allowInlineToOverride = false : VMs defined inline may NOT replace previous VM definitions
2010-03-31 11:18:18,233 - Velocimacro : allowInlineLocal = false : VMs defined inline will be global in scope if allowed.
2010-03-31 11:18:18,233 - Velocimacro : allowInlineLocal = false : VMs defined inline will be global in scope if allowed.
2010-03-31 11:18:18,233 - Velocimacro : autoload off : VM system will not automatically reload global library macros
2010-03-31 11:18:18,233 - Velocimacro : autoload off : VM system will not automatically reload global library macros
2010-04-06 13:58:42,609 - Log4JLogChute initialized using file 'velocity.log'
2010-04-06 13:58:42,609 - Starting Apache Velocity v1.6.2 (compiled: 2009-02-19 16:29:46)
2010-04-06 13:58:42,609 - Default Properties File: org\apache\velocity\runtime\defaults\velocity.properties
2010-04-06 13:58:42,609 - Trying to use logger class org.apache.velocity.runtime.log.AvalonLogChute
2010-04-06 13:58:42,609 - Target log system for org.apache.velocity.runtime.log.AvalonLogChute is not available (java.lang.NoClassDefFoundError: org/apache/log/format/Formatter).  Falling back to next log system...
2010-04-06 13:58:42,609 - Trying to use logger class org.apache.velocity.runtime.log.Log4JLogChute
2010-04-06 13:58:42,609 - Using logger class org.apache.velocity.runtime.log.Log4JLogChute
2010-04-06 13:58:42,609 - ResourceLoader instantiated: org.apache.velocity.runtime.resource.loader.FileResourceLoader
2010-04-06 13:58:42,609 - Do unicode file recognition:  false
2010-04-06 13:58:42,609 - FileResourceLoader : adding path '.'
2010-04-06 13:58:42,609 - ResourceCache: initialized (class org.apache.velocity.runtime.resource.ResourceCacheImpl) with class java.util.Collections$SynchronizedMap cache map.
2010-04-06 13:58:42,609 - Loaded System Directive: org.apache.velocity.runtime.directive.Define
2010-04-06 13:58:42,609 - Loaded System Directive: org.apache.velocity.runtime.directive.Break
2010-04-06 13:58:42,609 - Loaded System Directive: org.apache.velocity.runtime.directive.Evaluate
2010-04-06 13:58:42,609 - Loaded System Directive: org.apache.velocity.runtime.directive.Literal
2010-04-06 13:58:42,609 - Loaded System Directive: org.apache.velocity.runtime.directive.Macro
2010-04-06 13:58:42,609 - Loaded System Directive: org.apache.velocity.runtime.directive.Parse
2010-04-06 13:58:42,609 - Loaded System Directive: org.apache.velocity.runtime.directive.Include
2010-04-06 13:58:42,609 - Loaded System Directive: org.apache.velocity.runtime.directive.Foreach
2010-04-06 13:58:42,609 - Created '20' parsers.
2010-04-06 13:58:42,609 - Velocimacro : "velocimacro.library" is not set.  Trying default library: VM_global_library.vm
2010-04-06 13:58:42,609 - Velocimacro : Default library not found.
2010-04-06 13:58:42,609 - Velocimacro : allowInline = true : VMs can be defined inline in templates
2010-04-06 13:58:42,609 - Velocimacro : allowInlineToOverride = false : VMs defined inline may NOT replace previous VM definitions
2010-04-06 13:58:42,609 - Velocimacro : allowInlineLocal = false : VMs defined inline will be global in scope if allowed.
2010-04-06 13:58:42,609 - Velocimacro : autoload off : VM system will not automatically reload global library macros
2010-04-06 13:59:03,390 - Log4JLogChute initialized using file 'velocity.log'
2010-04-06 13:59:03,390 - Log4JLogChute initialized using file 'velocity.log'
2010-04-06 13:59:03,390 - Starting Apache Velocity v1.6.2 (compiled: 2009-02-19 16:29:46)
2010-04-06 13:59:03,390 - Starting Apache Velocity v1.6.2 (compiled: 2009-02-19 16:29:46)
2010-04-06 13:59:03,390 - Default Properties File: org\apache\velocity\runtime\defaults\velocity.properties
2010-04-06 13:59:03,390 - Default Properties File: org\apache\velocity\runtime\defaults\velocity.properties
2010-04-06 13:59:03,390 - Trying to use logger class org.apache.velocity.runtime.log.AvalonLogChute
2010-04-06 13:59:03,390 - Trying to use logger class org.apache.velocity.runtime.log.AvalonLogChute
2010-04-06 13:59:03,390 - Target log system for org.apache.velocity.runtime.log.AvalonLogChute is not available (java.lang.NoClassDefFoundError: org/apache/log/format/Formatter).  Falling back to next log system...
2010-04-06 13:59:03,390 - Target log system for org.apache.velocity.runtime.log.AvalonLogChute is not available (java.lang.NoClassDefFoundError: org/apache/log/format/Formatter).  Falling back to next log system...
2010-04-06 13:59:03,390 - Trying to use logger class org.apache.velocity.runtime.log.Log4JLogChute
2010-04-06 13:59:03,390 - Trying to use logger class org.apache.velocity.runtime.log.Log4JLogChute
2010-04-06 13:59:03,390 - Using logger class org.apache.velocity.runtime.log.Log4JLogChute
2010-04-06 13:59:03,390 - Using logger class org.apache.velocity.runtime.log.Log4JLogChute
2010-04-06 13:59:03,390 - ResourceLoader instantiated: org.apache.velocity.runtime.resource.loader.FileResourceLoader
2010-04-06 13:59:03,390 - ResourceLoader instantiated: org.apache.velocity.runtime.resource.loader.FileResourceLoader
2010-04-06 13:59:03,390 - Do unicode file recognition:  false
2010-04-06 13:59:03,390 - Do unicode file recognition:  false
2010-04-06 13:59:03,390 - FileResourceLoader : adding path '.'
2010-04-06 13:59:03,390 - FileResourceLoader : adding path '.'
2010-04-06 13:59:03,390 - ResourceCache: initialized (class org.apache.velocity.runtime.resource.ResourceCacheImpl) with class java.util.Collections$SynchronizedMap cache map.
2010-04-06 13:59:03,390 - ResourceCache: initialized (class org.apache.velocity.runtime.resource.ResourceCacheImpl) with class java.util.Collections$SynchronizedMap cache map.
2010-04-06 13:59:03,390 - Loaded System Directive: org.apache.velocity.runtime.directive.Define
2010-04-06 13:59:03,390 - Loaded System Directive: org.apache.velocity.runtime.directive.Define
2010-04-06 13:59:03,390 - Loaded System Directive: org.apache.velocity.runtime.directive.Break
2010-04-06 13:59:03,390 - Loaded System Directive: org.apache.velocity.runtime.directive.Break
2010-04-06 13:59:03,390 - Loaded System Directive: org.apache.velocity.runtime.directive.Evaluate
2010-04-06 13:59:03,390 - Loaded System Directive: org.apache.velocity.runtime.directive.Evaluate
2010-04-06 13:59:03,390 - Loaded System Directive: org.apache.velocity.runtime.directive.Literal
2010-04-06 13:59:03,390 - Loaded System Directive: org.apache.velocity.runtime.directive.Literal
2010-04-06 13:59:03,390 - Loaded System Directive: org.apache.velocity.runtime.directive.Macro
2010-04-06 13:59:03,390 - Loaded System Directive: org.apache.velocity.runtime.directive.Macro
2010-04-06 13:59:03,390 - Loaded System Directive: org.apache.velocity.runtime.directive.Parse
2010-04-06 13:59:03,390 - Loaded System Directive: org.apache.velocity.runtime.directive.Parse
2010-04-06 13:59:03,390 - Loaded System Directive: org.apache.velocity.runtime.directive.Include
2010-04-06 13:59:03,390 - Loaded System Directive: org.apache.velocity.runtime.directive.Include
2010-04-06 13:59:03,390 - Loaded System Directive: org.apache.velocity.runtime.directive.Foreach
2010-04-06 13:59:03,390 - Loaded System Directive: org.apache.velocity.runtime.directive.Foreach
2010-04-06 13:59:03,390 - Created '20' parsers.
2010-04-06 13:59:03,390 - Created '20' parsers.
2010-04-06 13:59:03,390 - Velocimacro : "velocimacro.library" is not set.  Trying default library: VM_global_library.vm
2010-04-06 13:59:03,390 - Velocimacro : "velocimacro.library" is not set.  Trying default library: VM_global_library.vm
2010-04-06 13:59:03,390 - Velocimacro : Default library not found.
2010-04-06 13:59:03,390 - Velocimacro : Default library not found.
2010-04-06 13:59:03,390 - Velocimacro : allowInline = true : VMs can be defined inline in templates
2010-04-06 13:59:03,390 - Velocimacro : allowInline = true : VMs can be defined inline in templates
2010-04-06 13:59:03,390 - Velocimacro : allowInlineToOverride = false : VMs defined inline may NOT replace previous VM definitions
2010-04-06 13:59:03,390 - Velocimacro : allowInlineToOverride = false : VMs defined inline may NOT replace previous VM definitions
2010-04-06 13:59:03,390 - Velocimacro : allowInlineLocal = false : VMs defined inline will be global in scope if allowed.
2010-04-06 13:59:03,390 - Velocimacro : allowInlineLocal = false : VMs defined inline will be global in scope if allowed.
2010-04-06 13:59:03,390 - Velocimacro : autoload off : VM system will not automatically reload global library macros
2010-04-06 13:59:03,390 - Velocimacro : autoload off : VM system will not automatically reload global library macros
2010-04-07 12:44:22,889 - Log4JLogChute initialized using file 'velocity.log'
2010-04-07 12:44:22,889 - Starting Apache Velocity v1.6.2 (compiled: 2009-02-19 16:29:46)
2010-04-07 12:44:22,889 - Default Properties File: org\apache\velocity\runtime\defaults\velocity.properties
2010-04-07 12:44:22,889 - Trying to use logger class org.apache.velocity.runtime.log.AvalonLogChute
2010-04-07 12:44:22,889 - Target log system for org.apache.velocity.runtime.log.AvalonLogChute is not available (java.lang.NoClassDefFoundError: org/apache/log/format/Formatter).  Falling back to next log system...
2010-04-07 12:44:22,889 - Trying to use logger class org.apache.velocity.runtime.log.Log4JLogChute
2010-04-07 12:44:22,889 - Using logger class org.apache.velocity.runtime.log.Log4JLogChute
2010-04-07 12:44:22,889 - ResourceLoader instantiated: org.apache.velocity.runtime.resource.loader.FileResourceLoader
2010-04-07 12:44:22,889 - Do unicode file recognition:  false
2010-04-07 12:44:22,889 - FileResourceLoader : adding path '.'
2010-04-07 12:44:22,889 - ResourceCache: initialized (class org.apache.velocity.runtime.resource.ResourceCacheImpl) with class java.util.Collections$SynchronizedMap cache map.
2010-04-07 12:44:22,889 - Loaded System Directive: org.apache.velocity.runtime.directive.Define
2010-04-07 12:44:22,889 - Loaded System Directive: org.apache.velocity.runtime.directive.Break
2010-04-07 12:44:22,889 - Loaded System Directive: org.apache.velocity.runtime.directive.Evaluate
2010-04-07 12:44:22,889 - Loaded System Directive: org.apache.velocity.runtime.directive.Literal
2010-04-07 12:44:22,889 - Loaded System Directive: org.apache.velocity.runtime.directive.Macro
2010-04-07 12:44:22,889 - Loaded System Directive: org.apache.velocity.runtime.directive.Parse
2010-04-07 12:44:22,889 - Loaded System Directive: org.apache.velocity.runtime.directive.Include
2010-04-07 12:44:22,889 - Loaded System Directive: org.apache.velocity.runtime.directive.Foreach
2010-04-07 12:44:22,889 - Created '20' parsers.
2010-04-07 12:44:22,889 - Velocimacro : "velocimacro.library" is not set.  Trying default library: VM_global_library.vm
2010-04-07 12:44:22,889 - Velocimacro : Default library not found.
2010-04-07 12:44:22,889 - Velocimacro : allowInline = true : VMs can be defined inline in templates
2010-04-07 12:44:22,889 - Velocimacro : allowInlineToOverride = false : VMs defined inline may NOT replace previous VM definitions
2010-04-07 12:44:22,889 - Velocimacro : allowInlineLocal = false : VMs defined inline will be global in scope if allowed.
2010-04-07 12:44:22,889 - Velocimacro : autoload off : VM system will not automatically reload global library macros
2010-04-07 12:44:39,608 - Log4JLogChute initialized using file 'velocity.log'
2010-04-07 12:44:39,608 - Log4JLogChute initialized using file 'velocity.log'
2010-04-07 12:44:39,608 - Starting Apache Velocity v1.6.2 (compiled: 2009-02-19 16:29:46)
2010-04-07 12:44:39,608 - Starting Apache Velocity v1.6.2 (compiled: 2009-02-19 16:29:46)
2010-04-07 12:44:39,608 - Default Properties File: org\apache\velocity\runtime\defaults\velocity.properties
2010-04-07 12:44:39,608 - Default Properties File: org\apache\velocity\runtime\defaults\velocity.properties
2010-04-07 12:44:39,608 - Trying to use logger class org.apache.velocity.runtime.log.AvalonLogChute
2010-04-07 12:44:39,608 - Trying to use logger class org.apache.velocity.runtime.log.AvalonLogChute
2010-04-07 12:44:39,608 - Target log system for org.apache.velocity.runtime.log.AvalonLogChute is not available (java.lang.NoClassDefFoundError: org/apache/log/format/Formatter).  Falling back to next log system...
2010-04-07 12:44:39,608 - Target log system for org.apache.velocity.runtime.log.AvalonLogChute is not available (java.lang.NoClassDefFoundError: org/apache/log/format/Formatter).  Falling back to next log system...
2010-04-07 12:44:39,608 - Trying to use logger class org.apache.velocity.runtime.log.Log4JLogChute
2010-04-07 12:44:39,608 - Trying to use logger class org.apache.velocity.runtime.log.Log4JLogChute
2010-04-07 12:44:39,608 - Using logger class org.apache.velocity.runtime.log.Log4JLogChute
2010-04-07 12:44:39,608 - Using logger class org.apache.velocity.runtime.log.Log4JLogChute
2010-04-07 12:44:39,608 - ResourceLoader instantiated: org.apache.velocity.runtime.resource.loader.FileResourceLoader
2010-04-07 12:44:39,608 - ResourceLoader instantiated: org.apache.velocity.runtime.resource.loader.FileResourceLoader
2010-04-07 12:44:39,608 - Do unicode file recognition:  false
2010-04-07 12:44:39,608 - Do unicode file recognition:  false
2010-04-07 12:44:39,608 - FileResourceLoader : adding path '.'
2010-04-07 12:44:39,608 - FileResourceLoader : adding path '.'
2010-04-07 12:44:39,608 - ResourceCache: initialized (class org.apache.velocity.runtime.resource.ResourceCacheImpl) with class java.util.Collections$SynchronizedMap cache map.
2010-04-07 12:44:39,608 - ResourceCache: initialized (class org.apache.velocity.runtime.resource.ResourceCacheImpl) with class java.util.Collections$SynchronizedMap cache map.
2010-04-07 12:44:39,608 - Loaded System Directive: org.apache.velocity.runtime.directive.Define
2010-04-07 12:44:39,608 - Loaded System Directive: org.apache.velocity.runtime.directive.Define
2010-04-07 12:44:39,608 - Loaded System Directive: org.apache.velocity.runtime.directive.Break
2010-04-07 12:44:39,608 - Loaded System Directive: org.apache.velocity.runtime.directive.Break
2010-04-07 12:44:39,608 - Loaded System Directive: org.apache.velocity.runtime.directive.Evaluate
2010-04-07 12:44:39,608 - Loaded System Directive: org.apache.velocity.runtime.directive.Evaluate
2010-04-07 12:44:39,608 - Loaded System Directive: org.apache.velocity.runtime.directive.Literal
2010-04-07 12:44:39,608 - Loaded System Directive: org.apache.velocity.runtime.directive.Literal
2010-04-07 12:44:39,608 - Loaded System Directive: org.apache.velocity.runtime.directive.Macro
2010-04-07 12:44:39,608 - Loaded System Directive: org.apache.velocity.runtime.directive.Macro
2010-04-07 12:44:39,608 - Loaded System Directive: org.apache.velocity.runtime.directive.Parse
2010-04-07 12:44:39,608 - Loaded System Directive: org.apache.velocity.runtime.directive.Parse
2010-04-07 12:44:39,608 - Loaded System Directive: org.apache.velocity.runtime.directive.Include
2010-04-07 12:44:39,608 - Loaded System Directive: org.apache.velocity.runtime.directive.Include
2010-04-07 12:44:39,608 - Loaded System Directive: org.apache.velocity.runtime.directive.Foreach
2010-04-07 12:44:39,608 - Loaded System Directive: org.apache.velocity.runtime.directive.Foreach
2010-04-07 12:44:39,608 - Created '20' parsers.
2010-04-07 12:44:39,608 - Created '20' parsers.
2010-04-07 12:44:39,608 - Velocimacro : "velocimacro.library" is not set.  Trying default library: VM_global_library.vm
2010-04-07 12:44:39,608 - Velocimacro : "velocimacro.library" is not set.  Trying default library: VM_global_library.vm
2010-04-07 12:44:39,608 - Velocimacro : Default library not found.
2010-04-07 12:44:39,608 - Velocimacro : Default library not found.
2010-04-07 12:44:39,608 - Velocimacro : allowInline = true : VMs can be defined inline in templates
2010-04-07 12:44:39,608 - Velocimacro : allowInline = true : VMs can be defined inline in templates
2010-04-07 12:44:39,608 - Velocimacro : allowInlineToOverride = false : VMs defined inline may NOT replace previous VM definitions
2010-04-07 12:44:39,608 - Velocimacro : allowInlineToOverride = false : VMs defined inline may NOT replace previous VM definitions
2010-04-07 12:44:39,608 - Velocimacro : allowInlineLocal = false : VMs defined inline will be global in scope if allowed.
2010-04-07 12:44:39,608 - Velocimacro : allowInlineLocal = false : VMs defined inline will be global in scope if allowed.
2010-04-07 12:44:39,608 - Velocimacro : autoload off : VM system will not automatically reload global library macros
2010-04-07 12:44:39,608 - Velocimacro : autoload off : VM system will not automatically reload global library macros
2010-04-07 12:50:31,874 - Log4JLogChute initialized using file 'velocity.log'
2010-04-07 12:50:31,874 - Starting Apache Velocity v1.6.2 (compiled: 2009-02-19 16:29:46)
2010-04-07 12:50:31,874 - Default Properties File: org\apache\velocity\runtime\defaults\velocity.properties
2010-04-07 12:50:31,874 - Trying to use logger class org.apache.velocity.runtime.log.AvalonLogChute
2010-04-07 12:50:31,874 - Target log system for org.apache.velocity.runtime.log.AvalonLogChute is not available (java.lang.NoClassDefFoundError: org/apache/log/format/Formatter).  Falling back to next log system...
2010-04-07 12:50:31,874 - Trying to use logger class org.apache.velocity.runtime.log.Log4JLogChute
2010-04-07 12:50:31,874 - Using logger class org.apache.velocity.runtime.log.Log4JLogChute
2010-04-07 12:50:31,874 - ResourceLoader instantiated: org.apache.velocity.runtime.resource.loader.FileResourceLoader
2010-04-07 12:50:31,874 - Do unicode file recognition:  false
2010-04-07 12:50:31,874 - FileResourceLoader : adding path '.'
2010-04-07 12:50:31,874 - ResourceCache: initialized (class org.apache.velocity.runtime.resource.ResourceCacheImpl) with class java.util.Collections$SynchronizedMap cache map.
2010-04-07 12:50:31,874 - Loaded System Directive: org.apache.velocity.runtime.directive.Define
2010-04-07 12:50:31,874 - Loaded System Directive: org.apache.velocity.runtime.directive.Break
2010-04-07 12:50:31,874 - Loaded System Directive: org.apache.velocity.runtime.directive.Evaluate
2010-04-07 12:50:31,874 - Loaded System Directive: org.apache.velocity.runtime.directive.Literal
2010-04-07 12:50:31,874 - Loaded System Directive: org.apache.velocity.runtime.directive.Macro
2010-04-07 12:50:31,874 - Loaded System Directive: org.apache.velocity.runtime.directive.Parse
2010-04-07 12:50:31,874 - Loaded System Directive: org.apache.velocity.runtime.directive.Include
2010-04-07 12:50:31,874 - Loaded System Directive: org.apache.velocity.runtime.directive.Foreach
2010-04-07 12:50:31,874 - Created '20' parsers.
2010-04-07 12:50:31,874 - Velocimacro : "velocimacro.library" is not set.  Trying default library: VM_global_library.vm
2010-04-07 12:50:31,874 - Velocimacro : Default library not found.
2010-04-07 12:50:31,874 - Velocimacro : allowInline = true : VMs can be defined inline in templates
2010-04-07 12:50:31,874 - Velocimacro : allowInlineToOverride = false : VMs defined inline may NOT replace previous VM definitions
2010-04-07 12:50:31,874 - Velocimacro : allowInlineLocal = false : VMs defined inline will be global in scope if allowed.
2010-04-07 12:50:31,874 - Velocimacro : autoload off : VM system will not automatically reload global library macros
2010-04-07 12:50:50,436 - Log4JLogChute initialized using file 'velocity.log'
2010-04-07 12:50:50,436 - Log4JLogChute initialized using file 'velocity.log'
2010-04-07 12:50:50,436 - Starting Apache Velocity v1.6.2 (compiled: 2009-02-19 16:29:46)
2010-04-07 12:50:50,436 - Starting Apache Velocity v1.6.2 (compiled: 2009-02-19 16:29:46)
2010-04-07 12:50:50,436 - Default Properties File: org\apache\velocity\runtime\defaults\velocity.properties
2010-04-07 12:50:50,436 - Default Properties File: org\apache\velocity\runtime\defaults\velocity.properties
2010-04-07 12:50:50,436 - Trying to use logger class org.apache.velocity.runtime.log.AvalonLogChute
2010-04-07 12:50:50,436 - Trying to use logger class org.apache.velocity.runtime.log.AvalonLogChute
2010-04-07 12:50:50,436 - Target log system for org.apache.velocity.runtime.log.AvalonLogChute is not available (java.lang.NoClassDefFoundError: org/apache/log/format/Formatter).  Falling back to next log system...
2010-04-07 12:50:50,436 - Target log system for org.apache.velocity.runtime.log.AvalonLogChute is not available (java.lang.NoClassDefFoundError: org/apache/log/format/Formatter).  Falling back to next log system...
2010-04-07 12:50:50,452 - Trying to use logger class org.apache.velocity.runtime.log.Log4JLogChute
2010-04-07 12:50:50,452 - Trying to use logger class org.apache.velocity.runtime.log.Log4JLogChute
2010-04-07 12:50:50,452 - Using logger class org.apache.velocity.runtime.log.Log4JLogChute
2010-04-07 12:50:50,452 - Using logger class org.apache.velocity.runtime.log.Log4JLogChute
2010-04-07 12:50:50,452 - ResourceLoader instantiated: org.apache.velocity.runtime.resource.loader.FileResourceLoader
2010-04-07 12:50:50,452 - ResourceLoader instantiated: org.apache.velocity.runtime.resource.loader.FileResourceLoader
2010-04-07 12:50:50,452 - Do unicode file recognition:  false
2010-04-07 12:50:50,452 - Do unicode file recognition:  false
2010-04-07 12:50:50,452 - FileResourceLoader : adding path '.'
2010-04-07 12:50:50,452 - FileResourceLoader : adding path '.'
2010-04-07 12:50:50,452 - ResourceCache: initialized (class org.apache.velocity.runtime.resource.ResourceCacheImpl) with class java.util.Collections$SynchronizedMap cache map.
2010-04-07 12:50:50,452 - ResourceCache: initialized (class org.apache.velocity.runtime.resource.ResourceCacheImpl) with class java.util.Collections$SynchronizedMap cache map.
2010-04-07 12:50:50,452 - Loaded System Directive: org.apache.velocity.runtime.directive.Define
2010-04-07 12:50:50,452 - Loaded System Directive: org.apache.velocity.runtime.directive.Define
2010-04-07 12:50:50,452 - Loaded System Directive: org.apache.velocity.runtime.directive.Break
2010-04-07 12:50:50,452 - Loaded System Directive: org.apache.velocity.runtime.directive.Break
2010-04-07 12:50:50,452 - Loaded System Directive: org.apache.velocity.runtime.directive.Evaluate
2010-04-07 12:50:50,452 - Loaded System Directive: org.apache.velocity.runtime.directive.Evaluate
2010-04-07 12:50:50,452 - Loaded System Directive: org.apache.velocity.runtime.directive.Literal
2010-04-07 12:50:50,452 - Loaded System Directive: org.apache.velocity.runtime.directive.Literal
2010-04-07 12:50:50,452 - Loaded System Directive: org.apache.velocity.runtime.directive.Macro
2010-04-07 12:50:50,452 - Loaded System Directive: org.apache.velocity.runtime.directive.Macro
2010-04-07 12:50:50,452 - Loaded System Directive: org.apache.velocity.runtime.directive.Parse
2010-04-07 12:50:50,452 - Loaded System Directive: org.apache.velocity.runtime.directive.Parse
2010-04-07 12:50:50,452 - Loaded System Directive: org.apache.velocity.runtime.directive.Include
2010-04-07 12:50:50,452 - Loaded System Directive: org.apache.velocity.runtime.directive.Include
2010-04-07 12:50:50,452 - Loaded System Directive: org.apache.velocity.runtime.directive.Foreach
2010-04-07 12:50:50,452 - Loaded System Directive: org.apache.velocity.runtime.directive.Foreach
2010-04-07 12:50:50,452 - Created '20' parsers.
2010-04-07 12:50:50,452 - Created '20' parsers.
2010-04-07 12:50:50,452 - Velocimacro : "velocimacro.library" is not set.  Trying default library: VM_global_library.vm
2010-04-07 12:50:50,452 - Velocimacro : "velocimacro.library" is not set.  Trying default library: VM_global_library.vm
2010-04-07 12:50:50,452 - Velocimacro : Default library not found.
2010-04-07 12:50:50,452 - Velocimacro : Default library not found.
2010-04-07 12:50:50,452 - Velocimacro : allowInline = true : VMs can be defined inline in templates
2010-04-07 12:50:50,452 - Velocimacro : allowInline = true : VMs can be defined inline in templates
2010-04-07 12:50:50,452 - Velocimacro : allowInlineToOverride = false : VMs defined inline may NOT replace previous VM definitions
2010-04-07 12:50:50,452 - Velocimacro : allowInlineToOverride = false : VMs defined inline may NOT replace previous VM definitions
2010-04-07 12:50:50,452 - Velocimacro : allowInlineLocal = false : VMs defined inline will be global in scope if allowed.
2010-04-07 12:50:50,452 - Velocimacro : allowInlineLocal = false : VMs defined inline will be global in scope if allowed.
2010-04-07 12:50:50,452 - Velocimacro : autoload off : VM system will not automatically reload global library macros
2010-04-07 12:50:50,452 - Velocimacro : autoload off : VM system will not automatically reload global library macros
2010-04-07 14:17:39,155 - Log4JLogChute initialized using file 'velocity.log'
2010-04-07 14:17:39,155 - Starting Apache Velocity v1.6.2 (compiled: 2009-02-19 16:29:46)
2010-04-07 14:17:39,155 - Default Properties File: org\apache\velocity\runtime\defaults\velocity.properties
2010-04-07 14:17:39,155 - Trying to use logger class org.apache.velocity.runtime.log.AvalonLogChute
2010-04-07 14:17:39,155 - Target log system for org.apache.velocity.runtime.log.AvalonLogChute is not available (java.lang.NoClassDefFoundError: org/apache/log/format/Formatter).  Falling back to next log system...
2010-04-07 14:17:39,155 - Trying to use logger class org.apache.velocity.runtime.log.Log4JLogChute
2010-04-07 14:17:39,155 - Using logger class org.apache.velocity.runtime.log.Log4JLogChute
2010-04-07 14:17:39,171 - ResourceLoader instantiated: org.apache.velocity.runtime.resource.loader.FileResourceLoader
2010-04-07 14:17:39,171 - Do unicode file recognition:  false
2010-04-07 14:17:39,171 - FileResourceLoader : adding path '.'
2010-04-07 14:17:39,171 - ResourceCache: initialized (class org.apache.velocity.runtime.resource.ResourceCacheImpl) with class java.util.Collections$SynchronizedMap cache map.
2010-04-07 14:17:39,171 - Loaded System Directive: org.apache.velocity.runtime.directive.Define
2010-04-07 14:17:39,171 - Loaded System Directive: org.apache.velocity.runtime.directive.Break
2010-04-07 14:17:39,171 - Loaded System Directive: org.apache.velocity.runtime.directive.Evaluate
2010-04-07 14:17:39,171 - Loaded System Directive: org.apache.velocity.runtime.directive.Literal
2010-04-07 14:17:39,171 - Loaded System Directive: org.apache.velocity.runtime.directive.Macro
2010-04-07 14:17:39,171 - Loaded System Directive: org.apache.velocity.runtime.directive.Parse
2010-04-07 14:17:39,171 - Loaded System Directive: org.apache.velocity.runtime.directive.Include
2010-04-07 14:17:39,171 - Loaded System Directive: org.apache.velocity.runtime.directive.Foreach
2010-04-07 14:17:39,171 - Created '20' parsers.
2010-04-07 14:17:39,171 - Velocimacro : "velocimacro.library" is not set.  Trying default library: VM_global_library.vm
2010-04-07 14:17:39,171 - Velocimacro : Default library not found.
2010-04-07 14:17:39,171 - Velocimacro : allowInline = true : VMs can be defined inline in templates
2010-04-07 14:17:39,171 - Velocimacro : allowInlineToOverride = false : VMs defined inline may NOT replace previous VM definitions
2010-04-07 14:17:39,171 - Velocimacro : allowInlineLocal = false : VMs defined inline will be global in scope if allowed.
2010-04-07 14:17:39,171 - Velocimacro : autoload off : VM system will not automatically reload global library macros
2010-04-07 14:17:56,374 - Log4JLogChute initialized using file 'velocity.log'
2010-04-07 14:17:56,374 - Log4JLogChute initialized using file 'velocity.log'
2010-04-07 14:17:56,374 - Starting Apache Velocity v1.6.2 (compiled: 2009-02-19 16:29:46)
2010-04-07 14:17:56,374 - Starting Apache Velocity v1.6.2 (compiled: 2009-02-19 16:29:46)
2010-04-07 14:17:56,374 - Default Properties File: org\apache\velocity\runtime\defaults\velocity.properties
2010-04-07 14:17:56,374 - Default Properties File: org\apache\velocity\runtime\defaults\velocity.properties
2010-04-07 14:17:56,374 - Trying to use logger class org.apache.velocity.runtime.log.AvalonLogChute
2010-04-07 14:17:56,374 - Trying to use logger class org.apache.velocity.runtime.log.AvalonLogChute
2010-04-07 14:17:56,374 - Target log system for org.apache.velocity.runtime.log.AvalonLogChute is not available (java.lang.NoClassDefFoundError: org/apache/log/format/Formatter).  Falling back to next log system...
2010-04-07 14:17:56,374 - Target log system for org.apache.velocity.runtime.log.AvalonLogChute is not available (java.lang.NoClassDefFoundError: org/apache/log/format/Formatter).  Falling back to next log system...
2010-04-07 14:17:56,374 - Trying to use logger class org.apache.velocity.runtime.log.Log4JLogChute
2010-04-07 14:17:56,374 - Trying to use logger class org.apache.velocity.runtime.log.Log4JLogChute
2010-04-07 14:17:56,374 - Using logger class org.apache.velocity.runtime.log.Log4JLogChute
2010-04-07 14:17:56,374 - Using logger class org.apache.velocity.runtime.log.Log4JLogChute
2010-04-07 14:17:56,374 - ResourceLoader instantiated: org.apache.velocity.runtime.resource.loader.FileResourceLoader
2010-04-07 14:17:56,374 - ResourceLoader instantiated: org.apache.velocity.runtime.resource.loader.FileResourceLoader
2010-04-07 14:17:56,374 - Do unicode file recognition:  false
2010-04-07 14:17:56,374 - Do unicode file recognition:  false
2010-04-07 14:17:56,374 - FileResourceLoader : adding path '.'
2010-04-07 14:17:56,374 - FileResourceLoader : adding path '.'
2010-04-07 14:17:56,374 - ResourceCache: initialized (class org.apache.velocity.runtime.resource.ResourceCacheImpl) with class java.util.Collections$SynchronizedMap cache map.
2010-04-07 14:17:56,374 - ResourceCache: initialized (class org.apache.velocity.runtime.resource.ResourceCacheImpl) with class java.util.Collections$SynchronizedMap cache map.
2010-04-07 14:17:56,374 - Loaded System Directive: org.apache.velocity.runtime.directive.Define
2010-04-07 14:17:56,374 - Loaded System Directive: org.apache.velocity.runtime.directive.Define
2010-04-07 14:17:56,374 - Loaded System Directive: org.apache.velocity.runtime.directive.Break
2010-04-07 14:17:56,374 - Loaded System Directive: org.apache.velocity.runtime.directive.Break
2010-04-07 14:17:56,374 - Loaded System Directive: org.apache.velocity.runtime.directive.Evaluate
2010-04-07 14:17:56,374 - Loaded System Directive: org.apache.velocity.runtime.directive.Evaluate
2010-04-07 14:17:56,374 - Loaded System Directive: org.apache.velocity.runtime.directive.Literal
2010-04-07 14:17:56,374 - Loaded System Directive: org.apache.velocity.runtime.directive.Literal
2010-04-07 14:17:56,374 - Loaded System Directive: org.apache.velocity.runtime.directive.Macro
2010-04-07 14:17:56,374 - Loaded System Directive: org.apache.velocity.runtime.directive.Macro
2010-04-07 14:17:56,374 - Loaded System Directive: org.apache.velocity.runtime.directive.Parse
2010-04-07 14:17:56,374 - Loaded System Directive: org.apache.velocity.runtime.directive.Parse
2010-04-07 14:17:56,374 - Loaded System Directive: org.apache.velocity.runtime.directive.Include
2010-04-07 14:17:56,374 - Loaded System Directive: org.apache.velocity.runtime.directive.Include
2010-04-07 14:17:56,374 - Loaded System Directive: org.apache.velocity.runtime.directive.Foreach
2010-04-07 14:17:56,374 - Loaded System Directive: org.apache.velocity.runtime.directive.Foreach
2010-04-07 14:17:56,374 - Created '20' parsers.
2010-04-07 14:17:56,374 - Created '20' parsers.
2010-04-07 14:17:56,374 - Velocimacro : "velocimacro.library" is not set.  Trying default library: VM_global_library.vm
2010-04-07 14:17:56,374 - Velocimacro : "velocimacro.library" is not set.  Trying default library: VM_global_library.vm
2010-04-07 14:17:56,374 - Velocimacro : Default library not found.
2010-04-07 14:17:56,374 - Velocimacro : Default library not found.
2010-04-07 14:17:56,374 - Velocimacro : allowInline = true : VMs can be defined inline in templates
2010-04-07 14:17:56,374 - Velocimacro : allowInline = true : VMs can be defined inline in templates
2010-04-07 14:17:56,374 - Velocimacro : allowInlineToOverride = false : VMs defined inline may NOT replace previous VM definitions
2010-04-07 14:17:56,374 - Velocimacro : allowInlineToOverride = false : VMs defined inline may NOT replace previous VM definitions
2010-04-07 14:17:56,374 - Velocimacro : allowInlineLocal = false : VMs defined inline will be global in scope if allowed.
2010-04-07 14:17:56,374 - Velocimacro : allowInlineLocal = false : VMs defined inline will be global in scope if allowed.
2010-04-07 14:17:56,374 - Velocimacro : autoload off : VM system will not automatically reload global library macros
2010-04-07 14:17:56,374 - Velocimacro : autoload off : VM system will not automatically reload global library macros
