14/04/2010 10:58:49 org.apache.tomcat.util.modeler.Registry registerComponent
SEVERE: Error registering Catalina:type=RequestProcessor,worker=http-8080,name=HttpRequest8
java.security.AccessControlException: access denied (javax.management.MBeanTrustPermission register)
	at java.security.AccessControlContext.checkPermission(AccessControlContext.java:264)
	at java.lang.SecurityManager.checkPermission(SecurityManager.java:568)
	at com.sun.jmx.interceptor.DefaultMBeanServerInterceptor.checkMBeanTrustPermission(DefaultMBeanServerInterceptor.java:1724)
	at com.sun.jmx.interceptor.DefaultMBeanServerInterceptor.registerMBean(DefaultMBeanServerInterceptor.java:335)
	at com.sun.jmx.mbeanserver.JmxMBeanServer.registerMBean(JmxMBeanServer.java:497)
	at org.apache.tomcat.util.modeler.Registry.registerComponent(Registry.java:806)
	at org.apache.coyote.http11.Http11Protocol$Http11ConnectionHandler.register(Http11Protocol.java:656)
	at org.apache.coyote.http11.Http11Protocol$Http11ConnectionHandler.createProcessor(Http11Protocol.java:639)
	at org.apache.coyote.http11.Http11Protocol$Http11ConnectionHandler.process(Http11Protocol.java:574)
	at org.apache.tomcat.util.net.JIoEndpoint$Worker.run(JIoEndpoint.java:489)
	at java.lang.Thread.run(Thread.java:595)
14/04/2010 10:58:49 org.apache.coyote.http11.Http11Protocol$Http11ConnectionHandler register
WARNING: Error registering request
14/04/2010 10:58:57 org.apache.tomcat.util.modeler.Registry registerComponent
SEVERE: Error registering Catalina:type=RequestProcessor,worker=http-8080,name=HttpRequest9
java.security.AccessControlException: access denied (javax.management.MBeanTrustPermission register)
	at java.security.AccessControlContext.checkPermission(AccessControlContext.java:264)
	at java.lang.SecurityManager.checkPermission(SecurityManager.java:568)
	at com.sun.jmx.interceptor.DefaultMBeanServerInterceptor.checkMBeanTrustPermission(DefaultMBeanServerInterceptor.java:1724)
	at com.sun.jmx.interceptor.DefaultMBeanServerInterceptor.registerMBean(DefaultMBeanServerInterceptor.java:335)
	at com.sun.jmx.mbeanserver.JmxMBeanServer.registerMBean(JmxMBeanServer.java:497)
	at org.apache.tomcat.util.modeler.Registry.registerComponent(Registry.java:806)
	at org.apache.coyote.http11.Http11Protocol$Http11ConnectionHandler.register(Http11Protocol.java:656)
	at org.apache.coyote.http11.Http11Protocol$Http11ConnectionHandler.createProcessor(Http11Protocol.java:639)
	at org.apache.coyote.http11.Http11Protocol$Http11ConnectionHandler.process(Http11Protocol.java:574)
	at org.apache.tomcat.util.net.JIoEndpoint$Worker.run(JIoEndpoint.java:489)
	at java.lang.Thread.run(Thread.java:595)
14/04/2010 10:58:57 org.apache.coyote.http11.Http11Protocol$Http11ConnectionHandler register
WARNING: Error registering request
14/04/2010 10:59:45 org.apache.tomcat.util.modeler.Registry registerComponent
SEVERE: Error registering Catalina:type=RequestProcessor,worker=http-8080,name=HttpRequest10
java.security.AccessControlException: access denied (javax.management.MBeanTrustPermission register)
	at java.security.AccessControlContext.checkPermission(AccessControlContext.java:264)
	at java.lang.SecurityManager.checkPermission(SecurityManager.java:568)
	at com.sun.jmx.interceptor.DefaultMBeanServerInterceptor.checkMBeanTrustPermission(DefaultMBeanServerInterceptor.java:1724)
	at com.sun.jmx.interceptor.DefaultMBeanServerInterceptor.registerMBean(DefaultMBeanServerInterceptor.java:335)
	at com.sun.jmx.mbeanserver.JmxMBeanServer.registerMBean(JmxMBeanServer.java:497)
	at org.apache.tomcat.util.modeler.Registry.registerComponent(Registry.java:806)
	at org.apache.coyote.http11.Http11Protocol$Http11ConnectionHandler.register(Http11Protocol.java:656)
	at org.apache.coyote.http11.Http11Protocol$Http11ConnectionHandler.createProcessor(Http11Protocol.java:639)
	at org.apache.coyote.http11.Http11Protocol$Http11ConnectionHandler.process(Http11Protocol.java:574)
	at org.apache.tomcat.util.net.JIoEndpoint$Worker.run(JIoEndpoint.java:489)
	at java.lang.Thread.run(Thread.java:595)
14/04/2010 10:59:45 org.apache.coyote.http11.Http11Protocol$Http11ConnectionHandler register
WARNING: Error registering request
14/04/2010 16:02:05 org.apache.catalina.core.AprLifecycleListener init
INFO: The APR based Apache Tomcat Native library which allows optimal performance in production environments was not found on the java.library.path: C:\bea\jdk150_11\bin;.;C:\WINDOWS\system32;C:\WINDOWS;C:\WINDOWS\system32;C:\WINDOWS;C:\WINDOWS\system32\WBEM;C:\Ruby\bin;C:\bea\jdk150_11\bin;C:\apache-ant-1.7.1\bin
14/04/2010 16:02:05 org.apache.coyote.http11.Http11Protocol init
INFO: Initializing Coyote HTTP/1.1 on http-8080
14/04/2010 16:02:05 org.apache.catalina.startup.Catalina load
INFO: Initialization processed in 1100 ms
14/04/2010 16:02:06 org.apache.catalina.core.StandardService start
INFO: Starting service Catalina
14/04/2010 16:02:06 org.apache.catalina.core.StandardEngine start
INFO: Starting Servlet Engine: Apache Tomcat/6.0.24
14/04/2010 16:02:06 org.apache.catalina.startup.HostConfig deployDescriptor
INFO: Deploying configuration descriptor all4biz.xml
14/04/2010 16:02:23 org.apache.cxf.endpoint.ServerImpl initDestination
INFO: Setting the server's publish address to be /LoyaltyCalculationWebService
14/04/2010 16:02:23 org.apache.cxf.endpoint.ServerImpl initDestination
INFO: Setting the server's publish address to be /LoyaltyFundTransactionSummary
14/04/2010 16:02:23 org.apache.cxf.endpoint.ServerImpl initDestination
INFO: Setting the server's publish address to be /CustomerUtils
14/04/2010 16:02:27 org.apache.cxf.transport.servlet.CXFServlet updateContext
INFO: Load the bus with application context
14/04/2010 16:02:27 org.apache.cxf.bus.spring.BusApplicationContext getConfigResources
INFO: No cxf.xml configuration file detected, relying on defaults.
14/04/2010 16:02:27 org.apache.cxf.transport.servlet.AbstractCXFServlet replaceDestinationFactory
INFO: Servlet transport factory already registered 
14/04/2010 16:02:27 org.apache.catalina.startup.HostConfig deployDescriptor
INFO: Deploying configuration descriptor selenium-tests.xml
14/04/2010 16:02:27 org.apache.catalina.startup.HostConfig deployWAR
INFO: Deploying web application archive selenium.war
14/04/2010 16:02:28 org.apache.catalina.startup.HostConfig deployDirectory
INFO: Deploying web application directory .svn
14/04/2010 16:02:28 org.apache.catalina.startup.HostConfig deployDirectory
INFO: Deploying web application directory ROOT
14/04/2010 16:02:28 org.apache.coyote.http11.Http11Protocol start
INFO: Starting Coyote HTTP/1.1 on http-8080
14/04/2010 16:02:28 org.apache.catalina.startup.Catalina start
INFO: Server startup in 23056 ms
14/04/2010 16:03:29 org.apache.tomcat.util.modeler.Registry registerComponent
SEVERE: Error registering Catalina:type=RequestProcessor,worker=http-8080,name=HttpRequest7
java.security.AccessControlException: access denied (javax.management.MBeanTrustPermission register)
	at java.security.AccessControlContext.checkPermission(AccessControlContext.java:264)
	at java.lang.SecurityManager.checkPermission(SecurityManager.java:568)
	at com.sun.jmx.interceptor.DefaultMBeanServerInterceptor.checkMBeanTrustPermission(DefaultMBeanServerInterceptor.java:1724)
	at com.sun.jmx.interceptor.DefaultMBeanServerInterceptor.registerMBean(DefaultMBeanServerInterceptor.java:335)
	at com.sun.jmx.mbeanserver.JmxMBeanServer.registerMBean(JmxMBeanServer.java:497)
	at org.apache.tomcat.util.modeler.Registry.registerComponent(Registry.java:806)
	at org.apache.coyote.http11.Http11Protocol$Http11ConnectionHandler.register(Http11Protocol.java:656)
	at org.apache.coyote.http11.Http11Protocol$Http11ConnectionHandler.createProcessor(Http11Protocol.java:639)
	at org.apache.coyote.http11.Http11Protocol$Http11ConnectionHandler.process(Http11Protocol.java:574)
	at org.apache.tomcat.util.net.JIoEndpoint$Worker.run(JIoEndpoint.java:489)
	at java.lang.Thread.run(Thread.java:595)
14/04/2010 16:03:29 org.apache.coyote.http11.Http11Protocol$Http11ConnectionHandler register
WARNING: Error registering request
14/04/2010 16:33:41 org.apache.coyote.http11.Http11Protocol pause
INFO: Pausing Coyote HTTP/1.1 on http-8080
14/04/2010 16:33:42 org.apache.catalina.core.StandardService stop
INFO: Stopping service Catalina
14/04/2010 16:33:42 org.apache.catalina.loader.WebappClassLoader clearReferencesThreads
SEVERE: A web application appears to have started a thread named [DefaultQuartzScheduler_Worker-1] but has failed to stop it. This is very likely to create a memory leak.
14/04/2010 16:33:42 org.apache.catalina.loader.WebappClassLoader clearReferencesThreads
SEVERE: A web application appears to have started a thread named [DefaultQuartzScheduler_Worker-3] but has failed to stop it. This is very likely to create a memory leak.
14/04/2010 16:33:42 org.apache.catalina.loader.WebappClassLoader clearReferencesThreads
SEVERE: A web application appears to have started a thread named [DefaultQuartzScheduler_Worker-5] but has failed to stop it. This is very likely to create a memory leak.
14/04/2010 16:33:42 org.apache.catalina.loader.WebappClassLoader clearReferencesThreads
SEVERE: A web application appears to have started a thread named [cayenne-edt-31175293-0] but has failed to stop it. This is very likely to create a memory leak.
14/04/2010 16:33:42 org.apache.catalina.loader.WebappClassLoader clearReferencesThreads
SEVERE: A web application appears to have started a thread named [cayenne-edt-31175293-1] but has failed to stop it. This is very likely to create a memory leak.
14/04/2010 16:33:42 org.apache.catalina.loader.WebappClassLoader clearReferencesThreads
SEVERE: A web application appears to have started a thread named [cayenne-edt-31175293-2] but has failed to stop it. This is very likely to create a memory leak.
14/04/2010 16:33:42 org.apache.catalina.loader.WebappClassLoader clearReferencesThreads
SEVERE: A web application appears to have started a thread named [cayenne-edt-31175293-3] but has failed to stop it. This is very likely to create a memory leak.
14/04/2010 16:33:42 org.apache.catalina.loader.WebappClassLoader clearReferencesThreads
SEVERE: A web application appears to have started a thread named [cayenne-edt-31175293-4] but has failed to stop it. This is very likely to create a memory leak.
14/04/2010 16:33:42 org.apache.catalina.loader.WebappClassLoader clearReferencesThreads
SEVERE: A web application appears to have started a thread named [PoolManagerCleanup-11408275] but has failed to stop it. This is very likely to create a memory leak.
14/04/2010 16:33:42 org.apache.catalina.loader.WebappClassLoader clearReferencesThreads
SEVERE: A web application appears to have started a thread named [PoolManagerCleanup-23154843] but has failed to stop it. This is very likely to create a memory leak.
14/04/2010 16:33:42 org.apache.catalina.loader.WebappClassLoader clearReferencesThreads
SEVERE: A web application appears to have started a thread named [cayenne-edt-11437378-0] but has failed to stop it. This is very likely to create a memory leak.
14/04/2010 16:33:42 org.apache.catalina.loader.WebappClassLoader clearReferencesThreads
SEVERE: A web application appears to have started a thread named [cayenne-edt-11437378-1] but has failed to stop it. This is very likely to create a memory leak.
14/04/2010 16:33:42 org.apache.catalina.loader.WebappClassLoader clearReferencesThreads
SEVERE: A web application appears to have started a thread named [cayenne-edt-11437378-2] but has failed to stop it. This is very likely to create a memory leak.
14/04/2010 16:33:42 org.apache.catalina.loader.WebappClassLoader clearReferencesThreads
SEVERE: A web application appears to have started a thread named [cayenne-edt-11437378-3] but has failed to stop it. This is very likely to create a memory leak.
14/04/2010 16:33:42 org.apache.catalina.loader.WebappClassLoader clearReferencesThreads
SEVERE: A web application appears to have started a thread named [cayenne-edt-11437378-4] but has failed to stop it. This is very likely to create a memory leak.
14/04/2010 16:33:42 org.apache.catalina.loader.WebappClassLoader clearReferencesThreads
SEVERE: A web application appears to have started a thread named [PoolManagerCleanup-23543153] but has failed to stop it. This is very likely to create a memory leak.
14/04/2010 16:33:42 org.apache.catalina.loader.WebappClassLoader clearReferencesThreads
SEVERE: A web application appears to have started a thread named [PoolManagerCleanup-15917864] but has failed to stop it. This is very likely to create a memory leak.
14/04/2010 16:33:42 org.apache.catalina.loader.WebappClassLoader clearReferencesThreads
SEVERE: A web application appears to have started a thread named [SelectorThread] but has failed to stop it. This is very likely to create a memory leak.
14/04/2010 16:33:42 org.apache.catalina.loader.WebappClassLoader clearReferencesThreads
SEVERE: A web application appears to have started a thread named [p: default-threadpool; w: 1] but has failed to stop it. This is very likely to create a memory leak.
14/04/2010 16:33:42 org.apache.catalina.loader.WebappClassLoader clearThreadLocalMap
SEVERE: A web application created a ThreadLocal with key of type [org.springframework.core.NamedThreadLocal] (value [Prototype beans currently in creation]) and a value of type [null] (value [null]) but failed to remove it when the web application was stopped. To prevent a memory leak, the ThreadLocal has been forcibly removed.
14/04/2010 16:33:42 org.apache.catalina.loader.WebappClassLoader clearThreadLocalMap
SEVERE: A web application created a ThreadLocal with key of type [org.springframework.core.NamedThreadLocal] (value [Prototype beans currently in creation]) and a value of type [null] (value [null]) but failed to remove it when the web application was stopped. To prevent a memory leak, the ThreadLocal has been forcibly removed.
14/04/2010 16:33:42 org.apache.catalina.loader.WebappClassLoader clearThreadLocalMap
SEVERE: A web application created a ThreadLocal with key of type [java.lang.ThreadLocal] (value [java.lang.ThreadLocal@44c742]) and a value of type [com.avoka.fc.core.entity.Portal] (value [{<ObjectId:Portal, portal_oid=2>; committed; [emailQueue=>?; formsFlag=>true; forms=>?; tasks=>?; portalResources=>?; defaultFlag=>true; permissions=>?; portalUsers=>?; offlineSubmissionForm=>?; editableFlag=>false; portalPages=>?; description=>The Telstra All-4-Biz & Loyalty Bonus Online Portal; name=>Telstra All-4-Biz Online; portalProperties=>?; contextPath=>http://localhost:8080/all4biz/; requestLogs=>(..); submissions=>?]}]) but failed to remove it when the web application was stopped. To prevent a memory leak, the ThreadLocal has been forcibly removed.
14/04/2010 16:33:42 org.apache.catalina.loader.WebappClassLoader clearThreadLocalMap
SEVERE: A web application created a ThreadLocal with key of type [null] (value [com.adobe.idp.dsc.InvocationContextStack$1@194f47c]) and a value of type [com.adobe.idp.dsc.InvocationContextStack] (value [com.adobe.idp.dsc.InvocationContextStack@3efcc7]) but failed to remove it when the web application was stopped. To prevent a memory leak, the ThreadLocal has been forcibly removed.
14/04/2010 16:33:42 org.apache.catalina.loader.WebappClassLoader clearThreadLocalMap
SEVERE: A web application created a ThreadLocal with key of type [org.springframework.core.NamedThreadLocal] (value [Locale context]) and a value of type [null] (value [null]) but failed to remove it when the web application was stopped. To prevent a memory leak, the ThreadLocal has been forcibly removed.
14/04/2010 16:33:42 org.apache.catalina.loader.WebappClassLoader clearThreadLocalMap
SEVERE: A web application created a ThreadLocal with key of type [org.springframework.core.NamedInheritableThreadLocal] (value [Locale context]) and a value of type [null] (value [null]) but failed to remove it when the web application was stopped. To prevent a memory leak, the ThreadLocal has been forcibly removed.
14/04/2010 16:33:42 org.apache.catalina.loader.WebappClassLoader clearThreadLocalMap
SEVERE: A web application created a ThreadLocal with key of type [java.lang.ThreadLocal] (value [java.lang.ThreadLocal@44c742]) and a value of type [com.avoka.fc.core.entity.Portal] (value [{<ObjectId:Portal, portal_oid=2>; committed; [emailQueue=>?; formsFlag=>true; forms=>?; tasks=>?; portalResources=>?; defaultFlag=>true; permissions=>?; portalUsers=>?; offlineSubmissionForm=>?; editableFlag=>false; portalPages=>?; description=>The Telstra All-4-Biz & Loyalty Bonus Online Portal; name=>Telstra All-4-Biz Online; portalProperties=>?; contextPath=>http://localhost:8080/all4biz/; requestLogs=>?; submissions=>?]}]) but failed to remove it when the web application was stopped. To prevent a memory leak, the ThreadLocal has been forcibly removed.
14/04/2010 16:33:42 org.apache.catalina.loader.WebappClassLoader clearThreadLocalMap
SEVERE: A web application created a ThreadLocal with key of type [java.lang.ThreadLocal] (value [java.lang.ThreadLocal@44c742]) and a value of type [com.avoka.fc.core.entity.Portal] (value [{<ObjectId:Portal, portal_oid=2>; committed; [emailQueue=>?; formsFlag=>true; forms=>?; tasks=>?; portalResources=>?; defaultFlag=>true; permissions=>?; portalUsers=>?; offlineSubmissionForm=>?; editableFlag=>false; portalPages=>?; description=>The Telstra All-4-Biz & Loyalty Bonus Online Portal; name=>Telstra All-4-Biz Online; portalProperties=>?; contextPath=>http://localhost:8080/all4biz/; requestLogs=>?; submissions=>?]}]) but failed to remove it when the web application was stopped. To prevent a memory leak, the ThreadLocal has been forcibly removed.
14/04/2010 16:33:42 org.apache.catalina.loader.WebappClassLoader clearThreadLocalMap
SEVERE: A web application created a ThreadLocal with key of type [java.lang.ThreadLocal] (value [java.lang.ThreadLocal@44c742]) and a value of type [com.avoka.fc.core.entity.Portal] (value [{<ObjectId:Portal, portal_oid=2>; committed; [emailQueue=>?; formsFlag=>true; forms=>?; tasks=>?; portalResources=>?; defaultFlag=>true; permissions=>?; portalUsers=>?; offlineSubmissionForm=>?; editableFlag=>false; portalPages=>?; description=>The Telstra All-4-Biz & Loyalty Bonus Online Portal; name=>Telstra All-4-Biz Online; portalProperties=>?; contextPath=>http://localhost:8080/all4biz/; requestLogs=>?; submissions=>?]}]) but failed to remove it when the web application was stopped. To prevent a memory leak, the ThreadLocal has been forcibly removed.
14/04/2010 16:33:42 org.apache.catalina.loader.WebappClassLoader clearThreadLocalMap
SEVERE: A web application created a ThreadLocal with key of type [null] (value [com.adobe.idp.dsc.InvocationContextStack$1@194f47c]) and a value of type [com.adobe.idp.dsc.InvocationContextStack] (value [com.adobe.idp.dsc.InvocationContextStack@1458fd2]) but failed to remove it when the web application was stopped. To prevent a memory leak, the ThreadLocal has been forcibly removed.
14/04/2010 16:33:42 org.apache.catalina.loader.WebappClassLoader clearThreadLocalMap
SEVERE: A web application created a ThreadLocal with key of type [org.springframework.core.NamedThreadLocal] (value [Locale context]) and a value of type [null] (value [null]) but failed to remove it when the web application was stopped. To prevent a memory leak, the ThreadLocal has been forcibly removed.
14/04/2010 16:33:42 org.apache.catalina.loader.WebappClassLoader clearThreadLocalMap
SEVERE: A web application created a ThreadLocal with key of type [org.springframework.core.NamedInheritableThreadLocal] (value [Locale context]) and a value of type [null] (value [null]) but failed to remove it when the web application was stopped. To prevent a memory leak, the ThreadLocal has been forcibly removed.
14/04/2010 16:33:42 org.apache.catalina.loader.WebappClassLoader clearThreadLocalMap
SEVERE: A web application created a ThreadLocal with key of type [java.lang.ThreadLocal] (value [java.lang.ThreadLocal@44c742]) and a value of type [com.avoka.fc.core.entity.Portal] (value [{<ObjectId:Portal, portal_oid=2>; committed; [emailQueue=>?; formsFlag=>true; forms=>?; tasks=>?; portalResources=>?; defaultFlag=>true; permissions=>?; portalUsers=>?; offlineSubmissionForm=>?; editableFlag=>false; portalPages=>?; description=>The Telstra All-4-Biz & Loyalty Bonus Online Portal; name=>Telstra All-4-Biz Online; portalProperties=>?; contextPath=>http://localhost:8080/all4biz/; requestLogs=>?; submissions=>?]}]) but failed to remove it when the web application was stopped. To prevent a memory leak, the ThreadLocal has been forcibly removed.
14/04/2010 16:33:42 org.apache.catalina.loader.WebappClassLoader clearThreadLocalMap
SEVERE: A web application created a ThreadLocal with key of type [org.springframework.core.NamedThreadLocal] (value [Locale context]) and a value of type [null] (value [null]) but failed to remove it when the web application was stopped. To prevent a memory leak, the ThreadLocal has been forcibly removed.
14/04/2010 16:33:42 org.apache.catalina.loader.WebappClassLoader clearThreadLocalMap
SEVERE: A web application created a ThreadLocal with key of type [org.springframework.core.NamedInheritableThreadLocal] (value [Locale context]) and a value of type [null] (value [null]) but failed to remove it when the web application was stopped. To prevent a memory leak, the ThreadLocal has been forcibly removed.
14/04/2010 16:33:42 org.apache.catalina.loader.WebappClassLoader clearThreadLocalMap
SEVERE: A web application created a ThreadLocal with key of type [java.lang.ThreadLocal] (value [java.lang.ThreadLocal@44c742]) and a value of type [com.avoka.fc.core.entity.Portal] (value [{<ObjectId:Portal, portal_oid=2>; committed; [emailQueue=>?; formsFlag=>true; forms=>?; tasks=>?; portalResources=>?; defaultFlag=>true; permissions=>?; portalUsers=>?; offlineSubmissionForm=>?; editableFlag=>false; portalPages=>?; description=>The Telstra All-4-Biz & Loyalty Bonus Online Portal; name=>Telstra All-4-Biz Online; portalProperties=>?; contextPath=>http://localhost:8080/all4biz/; requestLogs=>?; submissions=>?]}]) but failed to remove it when the web application was stopped. To prevent a memory leak, the ThreadLocal has been forcibly removed.
14/04/2010 16:33:42 org.apache.catalina.loader.WebappClassLoader clearThreadLocalMap
SEVERE: A web application created a ThreadLocal with key of type [org.springframework.core.NamedThreadLocal] (value [Locale context]) and a value of type [null] (value [null]) but failed to remove it when the web application was stopped. To prevent a memory leak, the ThreadLocal has been forcibly removed.
14/04/2010 16:33:42 org.apache.catalina.loader.WebappClassLoader clearThreadLocalMap
SEVERE: A web application created a ThreadLocal with key of type [org.springframework.core.NamedInheritableThreadLocal] (value [Locale context]) and a value of type [null] (value [null]) but failed to remove it when the web application was stopped. To prevent a memory leak, the ThreadLocal has been forcibly removed.
14/04/2010 16:33:42 org.apache.catalina.loader.WebappClassLoader clearThreadLocalMap
SEVERE: A web application created a ThreadLocal with key of type [org.springframework.core.NamedInheritableThreadLocal] (value [Locale context]) and a value of type [null] (value [null]) but failed to remove it when the web application was stopped. To prevent a memory leak, the ThreadLocal has been forcibly removed.
14/04/2010 16:33:42 org.apache.catalina.loader.WebappClassLoader clearThreadLocalMap
SEVERE: A web application created a ThreadLocal with key of type [org.springframework.core.NamedInheritableThreadLocal] (value [Locale context]) and a value of type [null] (value [null]) but failed to remove it when the web application was stopped. To prevent a memory leak, the ThreadLocal has been forcibly removed.
14/04/2010 16:33:49 org.apache.coyote.http11.Http11Protocol destroy
INFO: Stopping Coyote HTTP/1.1 on http-8080
14/04/2010 16:33:53 org.apache.catalina.core.AprLifecycleListener init
INFO: The APR based Apache Tomcat Native library which allows optimal performance in production environments was not found on the java.library.path: C:\bea\jdk150_11\bin;.;C:\WINDOWS\system32;C:\WINDOWS;C:\WINDOWS\system32;C:\WINDOWS;C:\WINDOWS\system32\WBEM;C:\Ruby\bin;C:\bea\jdk150_11\bin;C:\apache-ant-1.7.1\bin
14/04/2010 16:33:53 org.apache.coyote.http11.Http11Protocol init
INFO: Initializing Coyote HTTP/1.1 on http-8080
14/04/2010 16:33:53 org.apache.catalina.startup.Catalina load
INFO: Initialization processed in 458 ms
14/04/2010 16:33:53 org.apache.catalina.core.StandardService start
INFO: Starting service Catalina
14/04/2010 16:33:53 org.apache.catalina.core.StandardEngine start
INFO: Starting Servlet Engine: Apache Tomcat/6.0.24
14/04/2010 16:33:53 org.apache.catalina.startup.HostConfig deployDescriptor
INFO: Deploying configuration descriptor all4biz.xml
14/04/2010 16:34:01 org.apache.cxf.endpoint.ServerImpl initDestination
INFO: Setting the server's publish address to be /LoyaltyCalculationWebService
14/04/2010 16:34:01 org.apache.cxf.endpoint.ServerImpl initDestination
INFO: Setting the server's publish address to be /LoyaltyFundTransactionSummary
14/04/2010 16:34:01 org.apache.cxf.endpoint.ServerImpl initDestination
INFO: Setting the server's publish address to be /CustomerUtils
14/04/2010 16:34:04 org.apache.cxf.transport.servlet.CXFServlet updateContext
INFO: Load the bus with application context
14/04/2010 16:34:04 org.apache.cxf.bus.spring.BusApplicationContext getConfigResources
INFO: No cxf.xml configuration file detected, relying on defaults.
14/04/2010 16:34:04 org.apache.cxf.transport.servlet.AbstractCXFServlet replaceDestinationFactory
INFO: Servlet transport factory already registered 
14/04/2010 16:34:04 org.apache.catalina.startup.HostConfig deployDescriptor
INFO: Deploying configuration descriptor selenium-tests.xml
14/04/2010 16:34:04 org.apache.catalina.startup.HostConfig deployWAR
INFO: Deploying web application archive selenium.war
14/04/2010 16:34:04 org.apache.catalina.startup.HostConfig deployDirectory
INFO: Deploying web application directory .svn
14/04/2010 16:34:04 org.apache.catalina.startup.HostConfig deployDirectory
INFO: Deploying web application directory ROOT
14/04/2010 16:34:04 org.apache.coyote.http11.Http11Protocol start
INFO: Starting Coyote HTTP/1.1 on http-8080
14/04/2010 16:34:04 org.apache.catalina.startup.Catalina start
INFO: Server startup in 10953 ms
14/04/2010 16:42:21 org.apache.coyote.http11.Http11Protocol pause
INFO: Pausing Coyote HTTP/1.1 on http-8080
14/04/2010 16:42:22 org.apache.catalina.core.StandardService stop
INFO: Stopping service Catalina
14/04/2010 16:42:22 org.apache.catalina.loader.WebappClassLoader clearReferencesThreads
SEVERE: A web application appears to have started a thread named [DefaultQuartzScheduler_Worker-1] but has failed to stop it. This is very likely to create a memory leak.
14/04/2010 16:42:22 org.apache.catalina.loader.WebappClassLoader clearReferencesThreads
SEVERE: A web application appears to have started a thread named [DefaultQuartzScheduler_Worker-2] but has failed to stop it. This is very likely to create a memory leak.
14/04/2010 16:42:22 org.apache.catalina.loader.WebappClassLoader clearReferencesThreads
SEVERE: A web application appears to have started a thread named [DefaultQuartzScheduler_Worker-3] but has failed to stop it. This is very likely to create a memory leak.
14/04/2010 16:42:22 org.apache.catalina.loader.WebappClassLoader clearReferencesThreads
SEVERE: A web application appears to have started a thread named [DefaultQuartzScheduler_Worker-4] but has failed to stop it. This is very likely to create a memory leak.
14/04/2010 16:42:22 org.apache.catalina.loader.WebappClassLoader clearReferencesThreads
SEVERE: A web application appears to have started a thread named [DefaultQuartzScheduler_Worker-5] but has failed to stop it. This is very likely to create a memory leak.
14/04/2010 16:42:22 org.apache.catalina.loader.WebappClassLoader clearReferencesThreads
SEVERE: A web application appears to have started a thread named [cayenne-edt-17701050-0] but has failed to stop it. This is very likely to create a memory leak.
14/04/2010 16:42:22 org.apache.catalina.loader.WebappClassLoader clearReferencesThreads
SEVERE: A web application appears to have started a thread named [cayenne-edt-17701050-1] but has failed to stop it. This is very likely to create a memory leak.
14/04/2010 16:42:22 org.apache.catalina.loader.WebappClassLoader clearReferencesThreads
SEVERE: A web application appears to have started a thread named [cayenne-edt-17701050-2] but has failed to stop it. This is very likely to create a memory leak.
14/04/2010 16:42:22 org.apache.catalina.loader.WebappClassLoader clearReferencesThreads
SEVERE: A web application appears to have started a thread named [cayenne-edt-17701050-3] but has failed to stop it. This is very likely to create a memory leak.
14/04/2010 16:42:22 org.apache.catalina.loader.WebappClassLoader clearReferencesThreads
SEVERE: A web application appears to have started a thread named [cayenne-edt-17701050-4] but has failed to stop it. This is very likely to create a memory leak.
14/04/2010 16:42:22 org.apache.catalina.loader.WebappClassLoader clearReferencesThreads
SEVERE: A web application appears to have started a thread named [PoolManagerCleanup-30526967] but has failed to stop it. This is very likely to create a memory leak.
14/04/2010 16:42:22 org.apache.catalina.loader.WebappClassLoader clearReferencesThreads
SEVERE: A web application appears to have started a thread named [PoolManagerCleanup-1241493] but has failed to stop it. This is very likely to create a memory leak.
14/04/2010 16:42:22 org.apache.catalina.loader.WebappClassLoader clearReferencesThreads
SEVERE: A web application appears to have started a thread named [cayenne-edt-33317701-0] but has failed to stop it. This is very likely to create a memory leak.
14/04/2010 16:42:22 org.apache.catalina.loader.WebappClassLoader clearReferencesThreads
SEVERE: A web application appears to have started a thread named [cayenne-edt-33317701-1] but has failed to stop it. This is very likely to create a memory leak.
14/04/2010 16:42:22 org.apache.catalina.loader.WebappClassLoader clearReferencesThreads
SEVERE: A web application appears to have started a thread named [cayenne-edt-33317701-2] but has failed to stop it. This is very likely to create a memory leak.
14/04/2010 16:42:22 org.apache.catalina.loader.WebappClassLoader clearReferencesThreads
SEVERE: A web application appears to have started a thread named [cayenne-edt-33317701-3] but has failed to stop it. This is very likely to create a memory leak.
14/04/2010 16:42:22 org.apache.catalina.loader.WebappClassLoader clearReferencesThreads
SEVERE: A web application appears to have started a thread named [cayenne-edt-33317701-4] but has failed to stop it. This is very likely to create a memory leak.
14/04/2010 16:42:22 org.apache.catalina.loader.WebappClassLoader clearReferencesThreads
SEVERE: A web application appears to have started a thread named [PoolManagerCleanup-23237284] but has failed to stop it. This is very likely to create a memory leak.
14/04/2010 16:42:22 org.apache.catalina.loader.WebappClassLoader clearReferencesThreads
SEVERE: A web application appears to have started a thread named [PoolManagerCleanup-9009351] but has failed to stop it. This is very likely to create a memory leak.
14/04/2010 16:42:22 org.apache.catalina.loader.WebappClassLoader clearReferencesThreads
SEVERE: A web application appears to have started a thread named [SelectorThread] but has failed to stop it. This is very likely to create a memory leak.
14/04/2010 16:42:22 org.apache.catalina.loader.WebappClassLoader clearReferencesThreads
SEVERE: A web application appears to have started a thread named [p: default-threadpool; w: 1] but has failed to stop it. This is very likely to create a memory leak.
14/04/2010 16:42:22 org.apache.catalina.loader.WebappClassLoader clearThreadLocalMap
SEVERE: A web application created a ThreadLocal with key of type [org.springframework.core.NamedThreadLocal] (value [Prototype beans currently in creation]) and a value of type [null] (value [null]) but failed to remove it when the web application was stopped. To prevent a memory leak, the ThreadLocal has been forcibly removed.
14/04/2010 16:42:22 org.apache.catalina.loader.WebappClassLoader clearThreadLocalMap
SEVERE: A web application created a ThreadLocal with key of type [org.springframework.core.NamedThreadLocal] (value [Prototype beans currently in creation]) and a value of type [null] (value [null]) but failed to remove it when the web application was stopped. To prevent a memory leak, the ThreadLocal has been forcibly removed.
14/04/2010 16:42:22 org.apache.catalina.loader.WebappClassLoader clearThreadLocalMap
SEVERE: A web application created a ThreadLocal with key of type [java.lang.ThreadLocal] (value [java.lang.ThreadLocal@fa3f1b]) and a value of type [com.avoka.fc.core.entity.Portal] (value [{<ObjectId:Portal, portal_oid=2>; committed; [emailQueue=>?; formsFlag=>true; forms=>?; tasks=>?; portalResources=>?; defaultFlag=>true; permissions=>?; portalUsers=>?; offlineSubmissionForm=>?; editableFlag=>false; portalPages=>?; description=>The Telstra All-4-Biz & Loyalty Bonus Online Portal; name=>Telstra All-4-Biz Online; portalProperties=>?; contextPath=>http://localhost:8080/all4biz/; requestLogs=>?; submissions=>?]}]) but failed to remove it when the web application was stopped. To prevent a memory leak, the ThreadLocal has been forcibly removed.
14/04/2010 16:42:22 org.apache.catalina.loader.WebappClassLoader clearThreadLocalMap
SEVERE: A web application created a ThreadLocal with key of type [org.springframework.core.NamedThreadLocal] (value [Locale context]) and a value of type [null] (value [null]) but failed to remove it when the web application was stopped. To prevent a memory leak, the ThreadLocal has been forcibly removed.
14/04/2010 16:42:22 org.apache.catalina.loader.WebappClassLoader clearThreadLocalMap
SEVERE: A web application created a ThreadLocal with key of type [null] (value [com.adobe.idp.dsc.InvocationContextStack$1@1b34e41]) and a value of type [com.adobe.idp.dsc.InvocationContextStack] (value [com.adobe.idp.dsc.InvocationContextStack@d6a3d1]) but failed to remove it when the web application was stopped. To prevent a memory leak, the ThreadLocal has been forcibly removed.
14/04/2010 16:42:22 org.apache.catalina.loader.WebappClassLoader clearThreadLocalMap
SEVERE: A web application created a ThreadLocal with key of type [org.springframework.core.NamedInheritableThreadLocal] (value [Locale context]) and a value of type [null] (value [null]) but failed to remove it when the web application was stopped. To prevent a memory leak, the ThreadLocal has been forcibly removed.
14/04/2010 16:42:22 org.apache.catalina.loader.WebappClassLoader clearThreadLocalMap
SEVERE: A web application created a ThreadLocal with key of type [java.lang.ThreadLocal] (value [java.lang.ThreadLocal@fa3f1b]) and a value of type [com.avoka.fc.core.entity.Portal] (value [{<ObjectId:Portal, portal_oid=2>; committed; [emailQueue=>?; formsFlag=>true; forms=>?; tasks=>?; portalResources=>?; defaultFlag=>true; permissions=>?; portalUsers=>?; offlineSubmissionForm=>?; editableFlag=>false; portalPages=>?; description=>The Telstra All-4-Biz & Loyalty Bonus Online Portal; name=>Telstra All-4-Biz Online; portalProperties=>?; contextPath=>http://localhost:8080/all4biz/; requestLogs=>(..); submissions=>?]}]) but failed to remove it when the web application was stopped. To prevent a memory leak, the ThreadLocal has been forcibly removed.
14/04/2010 16:42:22 org.apache.catalina.loader.WebappClassLoader clearThreadLocalMap
SEVERE: A web application created a ThreadLocal with key of type [null] (value [com.adobe.idp.dsc.InvocationContextStack$1@1b34e41]) and a value of type [com.adobe.idp.dsc.InvocationContextStack] (value [com.adobe.idp.dsc.InvocationContextStack@19cf2df]) but failed to remove it when the web application was stopped. To prevent a memory leak, the ThreadLocal has been forcibly removed.
14/04/2010 16:42:22 org.apache.catalina.loader.WebappClassLoader clearThreadLocalMap
SEVERE: A web application created a ThreadLocal with key of type [java.lang.ThreadLocal] (value [java.lang.ThreadLocal@fa3f1b]) and a value of type [com.avoka.fc.core.entity.Portal] (value [{<ObjectId:Portal, portal_oid=2>; committed; [emailQueue=>?; formsFlag=>true; forms=>?; tasks=>?; portalResources=>?; defaultFlag=>true; permissions=>?; portalUsers=>?; offlineSubmissionForm=>?; editableFlag=>false; portalPages=>?; description=>The Telstra All-4-Biz & Loyalty Bonus Online Portal; name=>Telstra All-4-Biz Online; portalProperties=>?; contextPath=>http://localhost:8080/all4biz/; requestLogs=>(..); submissions=>?]}]) but failed to remove it when the web application was stopped. To prevent a memory leak, the ThreadLocal has been forcibly removed.
14/04/2010 16:42:22 org.apache.catalina.loader.WebappClassLoader clearThreadLocalMap
SEVERE: A web application created a ThreadLocal with key of type [null] (value [com.adobe.idp.dsc.InvocationContextStack$1@1b34e41]) and a value of type [com.adobe.idp.dsc.InvocationContextStack] (value [com.adobe.idp.dsc.InvocationContextStack@10d3126]) but failed to remove it when the web application was stopped. To prevent a memory leak, the ThreadLocal has been forcibly removed.
14/04/2010 16:42:22 org.apache.catalina.loader.WebappClassLoader clearThreadLocalMap
SEVERE: A web application created a ThreadLocal with key of type [java.lang.ThreadLocal] (value [java.lang.ThreadLocal@fa3f1b]) and a value of type [com.avoka.fc.core.entity.Portal] (value [{<ObjectId:Portal, portal_oid=2>; committed; [emailQueue=>(..); formsFlag=>true; forms=>(..); tasks=>(..); portalResources=>(..); defaultFlag=>true; permissions=>(..); portalUsers=>(..); offlineSubmissionForm=>?; editableFlag=>false; portalPages=>(..); description=>The Telstra All-4-Biz & Loyalty Bonus Online Portal; name=>Telstra All-4-Biz Online; contextPath=>http://localhost:8080/all4biz/; submissions=>(..); requestLogs=>(..); portalProperties=>(..)]}]) but failed to remove it when the web application was stopped. To prevent a memory leak, the ThreadLocal has been forcibly removed.
14/04/2010 16:42:22 org.apache.catalina.loader.WebappClassLoader clearThreadLocalMap
SEVERE: A web application created a ThreadLocal with key of type [null] (value [com.adobe.idp.dsc.InvocationContextStack$1@1b34e41]) and a value of type [com.adobe.idp.dsc.InvocationContextStack] (value [com.adobe.idp.dsc.InvocationContextStack@115f1d3]) but failed to remove it when the web application was stopped. To prevent a memory leak, the ThreadLocal has been forcibly removed.
14/04/2010 16:42:25 org.apache.coyote.http11.Http11Protocol destroy
INFO: Stopping Coyote HTTP/1.1 on http-8080
14/04/2010 16:43:03 org.apache.catalina.core.AprLifecycleListener init
INFO: The APR based Apache Tomcat Native library which allows optimal performance in production environments was not found on the java.library.path: C:\bea\jdk150_11\bin;.;C:\WINDOWS\system32;C:\WINDOWS;C:\WINDOWS\system32;C:\WINDOWS;C:\WINDOWS\system32\WBEM;C:\Ruby\bin;C:\bea\jdk150_11\bin;C:\apache-ant-1.7.1\bin
14/04/2010 16:43:03 org.apache.coyote.http11.Http11Protocol init
INFO: Initializing Coyote HTTP/1.1 on http-8080
14/04/2010 16:43:03 org.apache.catalina.startup.Catalina load
INFO: Initialization processed in 365 ms
14/04/2010 16:43:03 org.apache.catalina.core.StandardService start
INFO: Starting service Catalina
14/04/2010 16:43:03 org.apache.catalina.core.StandardEngine start
INFO: Starting Servlet Engine: Apache Tomcat/6.0.24
14/04/2010 16:43:03 org.apache.catalina.startup.HostConfig deployDescriptor
INFO: Deploying configuration descriptor all4biz.xml
14/04/2010 16:43:09 org.apache.cxf.endpoint.ServerImpl initDestination
INFO: Setting the server's publish address to be /LoyaltyCalculationWebService
14/04/2010 16:43:09 org.apache.cxf.endpoint.ServerImpl initDestination
INFO: Setting the server's publish address to be /LoyaltyFundTransactionSummary
14/04/2010 16:43:09 org.apache.cxf.endpoint.ServerImpl initDestination
INFO: Setting the server's publish address to be /CustomerUtils
14/04/2010 16:43:09 org.apache.catalina.core.StandardContext start
SEVERE: Error listenerStart
14/04/2010 16:43:09 org.apache.catalina.core.StandardContext start
SEVERE: Context [/all4biz] startup failed due to previous errors
14/04/2010 16:43:09 org.apache.catalina.loader.WebappClassLoader clearReferencesThreads
SEVERE: A web application appears to have started a thread named [DefaultQuartzScheduler_Worker-1] but has failed to stop it. This is very likely to create a memory leak.
14/04/2010 16:43:09 org.apache.catalina.loader.WebappClassLoader clearReferencesThreads
SEVERE: A web application appears to have started a thread named [DefaultQuartzScheduler_Worker-2] but has failed to stop it. This is very likely to create a memory leak.
14/04/2010 16:43:09 org.apache.catalina.loader.WebappClassLoader clearReferencesThreads
SEVERE: A web application appears to have started a thread named [DefaultQuartzScheduler_Worker-3] but has failed to stop it. This is very likely to create a memory leak.
14/04/2010 16:43:09 org.apache.catalina.loader.WebappClassLoader clearReferencesThreads
SEVERE: A web application appears to have started a thread named [DefaultQuartzScheduler_Worker-4] but has failed to stop it. This is very likely to create a memory leak.
14/04/2010 16:43:09 org.apache.catalina.loader.WebappClassLoader clearReferencesThreads
SEVERE: A web application appears to have started a thread named [DefaultQuartzScheduler_Worker-5] but has failed to stop it. This is very likely to create a memory leak.
14/04/2010 16:43:09 org.apache.catalina.loader.WebappClassLoader clearReferencesThreads
SEVERE: A web application appears to have started a thread named [cayenne-edt-14434757-0] but has failed to stop it. This is very likely to create a memory leak.
14/04/2010 16:43:09 org.apache.catalina.loader.WebappClassLoader clearReferencesThreads
SEVERE: A web application appears to have started a thread named [cayenne-edt-14434757-1] but has failed to stop it. This is very likely to create a memory leak.
14/04/2010 16:43:09 org.apache.catalina.loader.WebappClassLoader clearReferencesThreads
SEVERE: A web application appears to have started a thread named [cayenne-edt-14434757-2] but has failed to stop it. This is very likely to create a memory leak.
14/04/2010 16:43:09 org.apache.catalina.loader.WebappClassLoader clearReferencesThreads
SEVERE: A web application appears to have started a thread named [cayenne-edt-14434757-3] but has failed to stop it. This is very likely to create a memory leak.
14/04/2010 16:43:09 org.apache.catalina.loader.WebappClassLoader clearReferencesThreads
SEVERE: A web application appears to have started a thread named [cayenne-edt-14434757-4] but has failed to stop it. This is very likely to create a memory leak.
14/04/2010 16:43:09 org.apache.catalina.loader.WebappClassLoader clearReferencesThreads
SEVERE: A web application appears to have started a thread named [PoolManagerCleanup-22948154] but has failed to stop it. This is very likely to create a memory leak.
14/04/2010 16:43:09 org.apache.catalina.loader.WebappClassLoader clearReferencesThreads
SEVERE: A web application appears to have started a thread named [PoolManagerCleanup-31128495] but has failed to stop it. This is very likely to create a memory leak.
14/04/2010 16:43:09 org.apache.catalina.loader.WebappClassLoader clearThreadLocalMap
SEVERE: A web application created a ThreadLocal with key of type [org.springframework.core.NamedThreadLocal] (value [Prototype beans currently in creation]) and a value of type [null] (value [null]) but failed to remove it when the web application was stopped. To prevent a memory leak, the ThreadLocal has been forcibly removed.
14/04/2010 16:43:09 org.apache.catalina.loader.WebappClassLoader clearThreadLocalMap
SEVERE: A web application created a ThreadLocal with key of type [java.lang.ThreadLocal] (value [java.lang.ThreadLocal@1d3ac6e]) and a value of type [org.apache.cxf.bus.CXFBusImpl] (value [org.apache.cxf.bus.CXFBusImpl@1dd8664]) but failed to remove it when the web application was stopped. To prevent a memory leak, the ThreadLocal has been forcibly removed.
14/04/2010 16:43:10 org.apache.catalina.startup.HostConfig deployDescriptor
INFO: Deploying configuration descriptor selenium-tests.xml
14/04/2010 16:43:10 org.apache.catalina.startup.HostConfig deployWAR
INFO: Deploying web application archive selenium.war
14/04/2010 16:43:10 org.apache.catalina.startup.HostConfig deployDirectory
INFO: Deploying web application directory .svn
14/04/2010 16:43:10 org.apache.catalina.startup.HostConfig deployDirectory
INFO: Deploying web application directory ROOT
14/04/2010 16:43:10 org.apache.coyote.http11.Http11Protocol start
INFO: Starting Coyote HTTP/1.1 on http-8080
14/04/2010 16:43:10 org.apache.catalina.startup.Catalina start
INFO: Server startup in 6785 ms
14/04/2010 16:43:46 org.apache.catalina.core.AprLifecycleListener init
INFO: The APR based Apache Tomcat Native library which allows optimal performance in production environments was not found on the java.library.path: C:\bea\jdk150_11\bin;.;C:\WINDOWS\system32;C:\WINDOWS;C:\WINDOWS\system32;C:\WINDOWS;C:\WINDOWS\system32\WBEM;C:\Ruby\bin;C:\bea\jdk150_11\bin;C:\apache-ant-1.7.1\bin
14/04/2010 16:43:46 org.apache.coyote.http11.Http11Protocol init
INFO: Initializing Coyote HTTP/1.1 on http-8080
14/04/2010 16:43:46 org.apache.catalina.startup.Catalina load
INFO: Initialization processed in 358 ms
14/04/2010 16:43:46 org.apache.catalina.core.StandardService start
INFO: Starting service Catalina
14/04/2010 16:43:46 org.apache.catalina.core.StandardEngine start
INFO: Starting Servlet Engine: Apache Tomcat/6.0.24
14/04/2010 16:43:46 org.apache.catalina.startup.HostConfig deployDescriptor
INFO: Deploying configuration descriptor all4biz.xml
14/04/2010 16:43:51 org.apache.cxf.endpoint.ServerImpl initDestination
INFO: Setting the server's publish address to be /LoyaltyCalculationWebService
14/04/2010 16:43:51 org.apache.cxf.endpoint.ServerImpl initDestination
INFO: Setting the server's publish address to be /LoyaltyFundTransactionSummary
14/04/2010 16:43:52 org.apache.cxf.endpoint.ServerImpl initDestination
INFO: Setting the server's publish address to be /CustomerUtils
14/04/2010 16:43:52 org.apache.catalina.core.StandardContext start
SEVERE: Error listenerStart
14/04/2010 16:43:52 org.apache.catalina.core.StandardContext start
SEVERE: Context [/all4biz] startup failed due to previous errors
14/04/2010 16:43:52 org.apache.catalina.loader.WebappClassLoader clearReferencesThreads
SEVERE: A web application appears to have started a thread named [DefaultQuartzScheduler_Worker-1] but has failed to stop it. This is very likely to create a memory leak.
14/04/2010 16:43:52 org.apache.catalina.loader.WebappClassLoader clearReferencesThreads
SEVERE: A web application appears to have started a thread named [DefaultQuartzScheduler_Worker-2] but has failed to stop it. This is very likely to create a memory leak.
14/04/2010 16:43:52 org.apache.catalina.loader.WebappClassLoader clearReferencesThreads
SEVERE: A web application appears to have started a thread named [DefaultQuartzScheduler_Worker-3] but has failed to stop it. This is very likely to create a memory leak.
14/04/2010 16:43:52 org.apache.catalina.loader.WebappClassLoader clearReferencesThreads
SEVERE: A web application appears to have started a thread named [DefaultQuartzScheduler_Worker-4] but has failed to stop it. This is very likely to create a memory leak.
14/04/2010 16:43:52 org.apache.catalina.loader.WebappClassLoader clearReferencesThreads
SEVERE: A web application appears to have started a thread named [DefaultQuartzScheduler_Worker-5] but has failed to stop it. This is very likely to create a memory leak.
14/04/2010 16:43:52 org.apache.catalina.loader.WebappClassLoader clearReferencesThreads
SEVERE: A web application appears to have started a thread named [cayenne-edt-14434757-0] but has failed to stop it. This is very likely to create a memory leak.
14/04/2010 16:43:52 org.apache.catalina.loader.WebappClassLoader clearReferencesThreads
SEVERE: A web application appears to have started a thread named [cayenne-edt-14434757-1] but has failed to stop it. This is very likely to create a memory leak.
14/04/2010 16:43:52 org.apache.catalina.loader.WebappClassLoader clearReferencesThreads
SEVERE: A web application appears to have started a thread named [cayenne-edt-14434757-2] but has failed to stop it. This is very likely to create a memory leak.
14/04/2010 16:43:52 org.apache.catalina.loader.WebappClassLoader clearReferencesThreads
SEVERE: A web application appears to have started a thread named [cayenne-edt-14434757-3] but has failed to stop it. This is very likely to create a memory leak.
14/04/2010 16:43:52 org.apache.catalina.loader.WebappClassLoader clearReferencesThreads
SEVERE: A web application appears to have started a thread named [cayenne-edt-14434757-4] but has failed to stop it. This is very likely to create a memory leak.
14/04/2010 16:43:52 org.apache.catalina.loader.WebappClassLoader clearReferencesThreads
SEVERE: A web application appears to have started a thread named [PoolManagerCleanup-22948154] but has failed to stop it. This is very likely to create a memory leak.
14/04/2010 16:43:52 org.apache.catalina.loader.WebappClassLoader clearReferencesThreads
SEVERE: A web application appears to have started a thread named [PoolManagerCleanup-31128495] but has failed to stop it. This is very likely to create a memory leak.
14/04/2010 16:43:52 org.apache.catalina.loader.WebappClassLoader clearThreadLocalMap
SEVERE: A web application created a ThreadLocal with key of type [org.springframework.core.NamedThreadLocal] (value [Prototype beans currently in creation]) and a value of type [null] (value [null]) but failed to remove it when the web application was stopped. To prevent a memory leak, the ThreadLocal has been forcibly removed.
14/04/2010 16:43:52 org.apache.catalina.loader.WebappClassLoader clearThreadLocalMap
SEVERE: A web application created a ThreadLocal with key of type [java.lang.ThreadLocal] (value [java.lang.ThreadLocal@1d3ac6e]) and a value of type [org.apache.cxf.bus.CXFBusImpl] (value [org.apache.cxf.bus.CXFBusImpl@1dd8664]) but failed to remove it when the web application was stopped. To prevent a memory leak, the ThreadLocal has been forcibly removed.
14/04/2010 16:43:52 org.apache.catalina.startup.HostConfig deployDescriptor
INFO: Deploying configuration descriptor selenium-tests.xml
14/04/2010 16:43:52 org.apache.catalina.startup.HostConfig deployWAR
INFO: Deploying web application archive selenium.war
14/04/2010 16:43:53 org.apache.catalina.startup.HostConfig deployDirectory
INFO: Deploying web application directory .svn
14/04/2010 16:43:53 org.apache.catalina.startup.HostConfig deployDirectory
INFO: Deploying web application directory ROOT
14/04/2010 16:43:53 org.apache.coyote.http11.Http11Protocol start
INFO: Starting Coyote HTTP/1.1 on http-8080
14/04/2010 16:43:53 org.apache.catalina.startup.Catalina start
INFO: Server startup in 6344 ms
14/04/2010 16:50:25 org.apache.catalina.core.AprLifecycleListener init
INFO: The APR based Apache Tomcat Native library which allows optimal performance in production environments was not found on the java.library.path: C:\bea\jdk150_11\bin;.;C:\WINDOWS\system32;C:\WINDOWS;C:\WINDOWS\system32;C:\WINDOWS;C:\WINDOWS\system32\WBEM;C:\Ruby\bin;C:\bea\jdk150_11\bin;C:\apache-ant-1.7.1\bin
14/04/2010 16:50:25 org.apache.coyote.http11.Http11Protocol init
INFO: Initializing Coyote HTTP/1.1 on http-8080
14/04/2010 16:50:25 org.apache.catalina.startup.Catalina load
INFO: Initialization processed in 348 ms
14/04/2010 16:50:25 org.apache.catalina.core.StandardService start
INFO: Starting service Catalina
14/04/2010 16:50:25 org.apache.catalina.core.StandardEngine start
INFO: Starting Servlet Engine: Apache Tomcat/6.0.24
14/04/2010 16:50:25 org.apache.catalina.startup.HostConfig deployDescriptor
INFO: Deploying configuration descriptor all4biz.xml
14/04/2010 16:50:31 org.apache.cxf.endpoint.ServerImpl initDestination
INFO: Setting the server's publish address to be /LoyaltyCalculationWebService
14/04/2010 16:50:31 org.apache.cxf.endpoint.ServerImpl initDestination
INFO: Setting the server's publish address to be /LoyaltyFundTransactionSummary
14/04/2010 16:50:31 org.apache.cxf.endpoint.ServerImpl initDestination
INFO: Setting the server's publish address to be /CustomerUtils
14/04/2010 16:50:31 org.apache.catalina.core.StandardContext start
SEVERE: Error listenerStart
14/04/2010 16:50:31 org.apache.catalina.core.StandardContext start
SEVERE: Context [/all4biz] startup failed due to previous errors
14/04/2010 16:50:31 org.apache.catalina.loader.WebappClassLoader clearReferencesThreads
SEVERE: A web application appears to have started a thread named [DefaultQuartzScheduler_Worker-1] but has failed to stop it. This is very likely to create a memory leak.
14/04/2010 16:50:31 org.apache.catalina.loader.WebappClassLoader clearReferencesThreads
SEVERE: A web application appears to have started a thread named [DefaultQuartzScheduler_Worker-2] but has failed to stop it. This is very likely to create a memory leak.
14/04/2010 16:50:31 org.apache.catalina.loader.WebappClassLoader clearReferencesThreads
SEVERE: A web application appears to have started a thread named [DefaultQuartzScheduler_Worker-3] but has failed to stop it. This is very likely to create a memory leak.
14/04/2010 16:50:31 org.apache.catalina.loader.WebappClassLoader clearReferencesThreads
SEVERE: A web application appears to have started a thread named [DefaultQuartzScheduler_Worker-4] but has failed to stop it. This is very likely to create a memory leak.
14/04/2010 16:50:31 org.apache.catalina.loader.WebappClassLoader clearReferencesThreads
SEVERE: A web application appears to have started a thread named [DefaultQuartzScheduler_Worker-5] but has failed to stop it. This is very likely to create a memory leak.
14/04/2010 16:50:31 org.apache.catalina.loader.WebappClassLoader clearReferencesThreads
SEVERE: A web application appears to have started a thread named [cayenne-edt-14434757-0] but has failed to stop it. This is very likely to create a memory leak.
14/04/2010 16:50:31 org.apache.catalina.loader.WebappClassLoader clearReferencesThreads
SEVERE: A web application appears to have started a thread named [cayenne-edt-14434757-1] but has failed to stop it. This is very likely to create a memory leak.
14/04/2010 16:50:31 org.apache.catalina.loader.WebappClassLoader clearReferencesThreads
SEVERE: A web application appears to have started a thread named [cayenne-edt-14434757-2] but has failed to stop it. This is very likely to create a memory leak.
14/04/2010 16:50:31 org.apache.catalina.loader.WebappClassLoader clearReferencesThreads
SEVERE: A web application appears to have started a thread named [cayenne-edt-14434757-3] but has failed to stop it. This is very likely to create a memory leak.
14/04/2010 16:50:31 org.apache.catalina.loader.WebappClassLoader clearReferencesThreads
SEVERE: A web application appears to have started a thread named [cayenne-edt-14434757-4] but has failed to stop it. This is very likely to create a memory leak.
14/04/2010 16:50:31 org.apache.catalina.loader.WebappClassLoader clearReferencesThreads
SEVERE: A web application appears to have started a thread named [PoolManagerCleanup-22948154] but has failed to stop it. This is very likely to create a memory leak.
14/04/2010 16:50:31 org.apache.catalina.loader.WebappClassLoader clearReferencesThreads
SEVERE: A web application appears to have started a thread named [PoolManagerCleanup-31128495] but has failed to stop it. This is very likely to create a memory leak.
14/04/2010 16:50:31 org.apache.catalina.loader.WebappClassLoader clearThreadLocalMap
SEVERE: A web application created a ThreadLocal with key of type [org.springframework.core.NamedThreadLocal] (value [Prototype beans currently in creation]) and a value of type [null] (value [null]) but failed to remove it when the web application was stopped. To prevent a memory leak, the ThreadLocal has been forcibly removed.
14/04/2010 16:50:31 org.apache.catalina.loader.WebappClassLoader clearThreadLocalMap
SEVERE: A web application created a ThreadLocal with key of type [java.lang.ThreadLocal] (value [java.lang.ThreadLocal@1d3ac6e]) and a value of type [org.apache.cxf.bus.CXFBusImpl] (value [org.apache.cxf.bus.CXFBusImpl@1dd8664]) but failed to remove it when the web application was stopped. To prevent a memory leak, the ThreadLocal has been forcibly removed.
14/04/2010 16:50:32 org.apache.catalina.startup.HostConfig deployDescriptor
INFO: Deploying configuration descriptor selenium-tests.xml
14/04/2010 16:50:32 org.apache.catalina.startup.HostConfig deployWAR
INFO: Deploying web application archive selenium.war
14/04/2010 16:50:32 org.apache.catalina.startup.HostConfig deployDirectory
INFO: Deploying web application directory .svn
14/04/2010 16:50:32 org.apache.catalina.startup.HostConfig deployDirectory
INFO: Deploying web application directory ROOT
14/04/2010 16:50:32 org.apache.coyote.http11.Http11Protocol start
INFO: Starting Coyote HTTP/1.1 on http-8080
14/04/2010 16:50:32 org.apache.catalina.startup.Catalina start
INFO: Server startup in 6741 ms
14/04/2010 16:51:08 org.apache.catalina.core.AprLifecycleListener init
INFO: The APR based Apache Tomcat Native library which allows optimal performance in production environments was not found on the java.library.path: C:\bea\jdk150_11\bin;.;C:\WINDOWS\system32;C:\WINDOWS;C:\WINDOWS\system32;C:\WINDOWS;C:\WINDOWS\system32\WBEM;C:\Ruby\bin;C:\bea\jdk150_11\bin;C:\apache-ant-1.7.1\bin
14/04/2010 16:51:08 org.apache.coyote.http11.Http11Protocol init
INFO: Initializing Coyote HTTP/1.1 on http-8080
14/04/2010 16:51:08 org.apache.catalina.startup.Catalina load
INFO: Initialization processed in 355 ms
14/04/2010 16:51:08 org.apache.catalina.core.StandardService start
INFO: Starting service Catalina
14/04/2010 16:51:08 org.apache.catalina.core.StandardEngine start
INFO: Starting Servlet Engine: Apache Tomcat/6.0.24
14/04/2010 16:51:08 org.apache.catalina.startup.HostConfig deployDescriptor
INFO: Deploying configuration descriptor all4biz.xml
14/04/2010 16:51:13 org.apache.cxf.endpoint.ServerImpl initDestination
INFO: Setting the server's publish address to be /LoyaltyCalculationWebService
14/04/2010 16:51:13 org.apache.cxf.endpoint.ServerImpl initDestination
INFO: Setting the server's publish address to be /LoyaltyFundTransactionSummary
14/04/2010 16:51:13 org.apache.cxf.endpoint.ServerImpl initDestination
INFO: Setting the server's publish address to be /CustomerUtils
14/04/2010 16:51:15 org.apache.cxf.transport.servlet.CXFServlet updateContext
INFO: Load the bus with application context
14/04/2010 16:51:15 org.apache.cxf.bus.spring.BusApplicationContext getConfigResources
INFO: No cxf.xml configuration file detected, relying on defaults.
14/04/2010 16:51:15 org.apache.cxf.transport.servlet.AbstractCXFServlet replaceDestinationFactory
INFO: Servlet transport factory already registered 
14/04/2010 16:51:15 org.apache.catalina.startup.HostConfig deployDescriptor
INFO: Deploying configuration descriptor selenium-tests.xml
14/04/2010 16:51:15 org.apache.catalina.startup.HostConfig deployWAR
INFO: Deploying web application archive selenium.war
14/04/2010 16:51:16 org.apache.catalina.startup.HostConfig deployDirectory
INFO: Deploying web application directory .svn
14/04/2010 16:51:16 org.apache.catalina.startup.HostConfig deployDirectory
INFO: Deploying web application directory ROOT
14/04/2010 16:51:16 org.apache.coyote.http11.Http11Protocol start
INFO: Starting Coyote HTTP/1.1 on http-8080
14/04/2010 16:51:16 org.apache.catalina.startup.Catalina start
INFO: Server startup in 7788 ms
14/04/2010 16:56:27 org.apache.catalina.core.AprLifecycleListener init
INFO: The APR based Apache Tomcat Native library which allows optimal performance in production environments was not found on the java.library.path: C:\bea\jdk150_11\bin;.;C:\WINDOWS\system32;C:\WINDOWS;C:\WINDOWS\system32;C:\WINDOWS;C:\WINDOWS\system32\WBEM;C:\Ruby\bin;C:\bea\jdk150_11\bin;C:\apache-ant-1.7.1\bin
14/04/2010 16:56:27 org.apache.coyote.http11.Http11Protocol init
INFO: Initializing Coyote HTTP/1.1 on http-8080
14/04/2010 16:56:27 org.apache.catalina.startup.Catalina load
INFO: Initialization processed in 446 ms
14/04/2010 16:56:27 org.apache.catalina.core.StandardService start
INFO: Starting service Catalina
14/04/2010 16:56:27 org.apache.catalina.core.StandardEngine start
INFO: Starting Servlet Engine: Apache Tomcat/6.0.24
14/04/2010 16:56:27 org.apache.catalina.startup.HostConfig deployDescriptor
INFO: Deploying configuration descriptor all4biz.xml
14/04/2010 16:56:34 org.apache.cxf.endpoint.ServerImpl initDestination
INFO: Setting the server's publish address to be /LoyaltyCalculationWebService
14/04/2010 16:56:34 org.apache.cxf.endpoint.ServerImpl initDestination
INFO: Setting the server's publish address to be /LoyaltyFundTransactionSummary
14/04/2010 16:56:35 org.apache.cxf.endpoint.ServerImpl initDestination
INFO: Setting the server's publish address to be /CustomerUtils
14/04/2010 16:56:37 org.apache.cxf.transport.servlet.CXFServlet updateContext
INFO: Load the bus with application context
14/04/2010 16:56:37 org.apache.cxf.bus.spring.BusApplicationContext getConfigResources
INFO: No cxf.xml configuration file detected, relying on defaults.
14/04/2010 16:56:37 org.apache.cxf.transport.servlet.AbstractCXFServlet replaceDestinationFactory
INFO: Servlet transport factory already registered 
14/04/2010 16:56:37 org.apache.catalina.startup.HostConfig deployDescriptor
INFO: Deploying configuration descriptor selenium-tests.xml
14/04/2010 16:56:37 org.apache.catalina.startup.HostConfig deployWAR
INFO: Deploying web application archive selenium.war
14/04/2010 16:56:38 org.apache.catalina.startup.HostConfig deployDirectory
INFO: Deploying web application directory .svn
14/04/2010 16:56:38 org.apache.catalina.startup.HostConfig deployDirectory
INFO: Deploying web application directory ROOT
14/04/2010 16:56:38 org.apache.coyote.http11.Http11Protocol start
INFO: Starting Coyote HTTP/1.1 on http-8080
14/04/2010 16:56:38 org.apache.catalina.startup.Catalina start
INFO: Server startup in 10662 ms
14/04/2010 17:00:58 org.apache.coyote.http11.Http11Protocol pause
INFO: Pausing Coyote HTTP/1.1 on http-8080
14/04/2010 17:00:59 org.apache.catalina.core.StandardService stop
INFO: Stopping service Catalina
14/04/2010 17:00:59 org.apache.catalina.loader.WebappClassLoader clearReferencesThreads
SEVERE: A web application appears to have started a thread named [DefaultQuartzScheduler_Worker-1] but has failed to stop it. This is very likely to create a memory leak.
14/04/2010 17:00:59 org.apache.catalina.loader.WebappClassLoader clearReferencesThreads
SEVERE: A web application appears to have started a thread named [DefaultQuartzScheduler_Worker-2] but has failed to stop it. This is very likely to create a memory leak.
14/04/2010 17:00:59 org.apache.catalina.loader.WebappClassLoader clearReferencesThreads
SEVERE: A web application appears to have started a thread named [DefaultQuartzScheduler_Worker-3] but has failed to stop it. This is very likely to create a memory leak.
14/04/2010 17:00:59 org.apache.catalina.loader.WebappClassLoader clearReferencesThreads
SEVERE: A web application appears to have started a thread named [DefaultQuartzScheduler_Worker-4] but has failed to stop it. This is very likely to create a memory leak.
14/04/2010 17:00:59 org.apache.catalina.loader.WebappClassLoader clearReferencesThreads
SEVERE: A web application appears to have started a thread named [DefaultQuartzScheduler_Worker-5] but has failed to stop it. This is very likely to create a memory leak.
14/04/2010 17:00:59 org.apache.catalina.loader.WebappClassLoader clearReferencesThreads
SEVERE: A web application appears to have started a thread named [cayenne-edt-17701050-0] but has failed to stop it. This is very likely to create a memory leak.
14/04/2010 17:01:00 org.apache.catalina.loader.WebappClassLoader clearReferencesThreads
SEVERE: A web application appears to have started a thread named [cayenne-edt-17701050-1] but has failed to stop it. This is very likely to create a memory leak.
14/04/2010 17:01:00 org.apache.catalina.loader.WebappClassLoader clearReferencesThreads
SEVERE: A web application appears to have started a thread named [cayenne-edt-17701050-2] but has failed to stop it. This is very likely to create a memory leak.
14/04/2010 17:01:00 org.apache.catalina.loader.WebappClassLoader clearReferencesThreads
SEVERE: A web application appears to have started a thread named [cayenne-edt-17701050-3] but has failed to stop it. This is very likely to create a memory leak.
14/04/2010 17:01:00 org.apache.catalina.loader.WebappClassLoader clearReferencesThreads
SEVERE: A web application appears to have started a thread named [cayenne-edt-17701050-4] but has failed to stop it. This is very likely to create a memory leak.
14/04/2010 17:01:00 org.apache.catalina.loader.WebappClassLoader clearReferencesThreads
SEVERE: A web application appears to have started a thread named [PoolManagerCleanup-19475367] but has failed to stop it. This is very likely to create a memory leak.
14/04/2010 17:01:00 org.apache.catalina.loader.WebappClassLoader clearReferencesThreads
SEVERE: A web application appears to have started a thread named [PoolManagerCleanup-28483456] but has failed to stop it. This is very likely to create a memory leak.
14/04/2010 17:01:00 org.apache.catalina.loader.WebappClassLoader clearReferencesThreads
SEVERE: A web application appears to have started a thread named [cayenne-edt-31368785-0] but has failed to stop it. This is very likely to create a memory leak.
14/04/2010 17:01:00 org.apache.catalina.loader.WebappClassLoader clearReferencesThreads
SEVERE: A web application appears to have started a thread named [cayenne-edt-31368785-1] but has failed to stop it. This is very likely to create a memory leak.
14/04/2010 17:01:00 org.apache.catalina.loader.WebappClassLoader clearReferencesThreads
SEVERE: A web application appears to have started a thread named [cayenne-edt-31368785-2] but has failed to stop it. This is very likely to create a memory leak.
14/04/2010 17:01:00 org.apache.catalina.loader.WebappClassLoader clearReferencesThreads
SEVERE: A web application appears to have started a thread named [cayenne-edt-31368785-3] but has failed to stop it. This is very likely to create a memory leak.
14/04/2010 17:01:00 org.apache.catalina.loader.WebappClassLoader clearReferencesThreads
SEVERE: A web application appears to have started a thread named [cayenne-edt-31368785-4] but has failed to stop it. This is very likely to create a memory leak.
14/04/2010 17:01:00 org.apache.catalina.loader.WebappClassLoader clearReferencesThreads
SEVERE: A web application appears to have started a thread named [PoolManagerCleanup-2698971] but has failed to stop it. This is very likely to create a memory leak.
14/04/2010 17:01:00 org.apache.catalina.loader.WebappClassLoader clearReferencesThreads
SEVERE: A web application appears to have started a thread named [PoolManagerCleanup-29571925] but has failed to stop it. This is very likely to create a memory leak.
14/04/2010 17:01:00 org.apache.catalina.loader.WebappClassLoader clearThreadLocalMap
SEVERE: A web application created a ThreadLocal with key of type [org.springframework.core.NamedThreadLocal] (value [Prototype beans currently in creation]) and a value of type [null] (value [null]) but failed to remove it when the web application was stopped. To prevent a memory leak, the ThreadLocal has been forcibly removed.
14/04/2010 17:01:00 org.apache.catalina.loader.WebappClassLoader clearThreadLocalMap
SEVERE: A web application created a ThreadLocal with key of type [org.springframework.core.NamedThreadLocal] (value [Prototype beans currently in creation]) and a value of type [null] (value [null]) but failed to remove it when the web application was stopped. To prevent a memory leak, the ThreadLocal has been forcibly removed.
14/04/2010 17:01:00 org.apache.catalina.loader.WebappClassLoader clearThreadLocalMap
SEVERE: A web application created a ThreadLocal with key of type [java.lang.ThreadLocal] (value [java.lang.ThreadLocal@1a4770d]) and a value of type [com.avoka.fc.core.entity.Portal] (value [{<ObjectId:Portal, portal_oid=5>; committed; [emailQueue=>?; formsFlag=>true; forms=>?; tasks=>?; portalResources=>?; defaultFlag=>true; permissions=>?; portalUsers=>?; offlineSubmissionForm=>?; editableFlag=>false; portalPages=>?; description=>The Telstra All-4-Biz & Loyalty Bonus Online Portal; name=>Telstra All-4-Biz Online; portalProperties=>?; contextPath=>http://manly.avoka.com.au/All4Biz/; requestLogs=>?; submissions=>?]}]) but failed to remove it when the web application was stopped. To prevent a memory leak, the ThreadLocal has been forcibly removed.
14/04/2010 17:01:00 org.apache.catalina.loader.WebappClassLoader clearThreadLocalMap
SEVERE: A web application created a ThreadLocal with key of type [org.springframework.core.NamedThreadLocal] (value [Locale context]) and a value of type [null] (value [null]) but failed to remove it when the web application was stopped. To prevent a memory leak, the ThreadLocal has been forcibly removed.
14/04/2010 17:01:00 org.apache.catalina.loader.WebappClassLoader clearThreadLocalMap
SEVERE: A web application created a ThreadLocal with key of type [org.springframework.core.NamedInheritableThreadLocal] (value [Locale context]) and a value of type [null] (value [null]) but failed to remove it when the web application was stopped. To prevent a memory leak, the ThreadLocal has been forcibly removed.
14/04/2010 17:01:01 org.apache.coyote.http11.Http11Protocol destroy
INFO: Stopping Coyote HTTP/1.1 on http-8080
14/04/2010 17:01:05 org.apache.catalina.core.AprLifecycleListener init
INFO: The APR based Apache Tomcat Native library which allows optimal performance in production environments was not found on the java.library.path: C:\bea\jdk150_11\bin;.;C:\WINDOWS\system32;C:\WINDOWS;C:\WINDOWS\system32;C:\WINDOWS;C:\WINDOWS\system32\WBEM;C:\Ruby\bin;C:\bea\jdk150_11\bin;C:\apache-ant-1.7.1\bin
14/04/2010 17:01:05 org.apache.coyote.http11.Http11Protocol init
INFO: Initializing Coyote HTTP/1.1 on http-8080
14/04/2010 17:01:05 org.apache.catalina.startup.Catalina load
INFO: Initialization processed in 449 ms
14/04/2010 17:01:05 org.apache.catalina.core.StandardService start
INFO: Starting service Catalina
14/04/2010 17:01:05 org.apache.catalina.core.StandardEngine start
INFO: Starting Servlet Engine: Apache Tomcat/6.0.24
14/04/2010 17:01:05 org.apache.catalina.startup.HostConfig deployDescriptor
INFO: Deploying configuration descriptor all4biz.xml
14/04/2010 17:01:12 org.apache.cxf.endpoint.ServerImpl initDestination
INFO: Setting the server's publish address to be /LoyaltyCalculationWebService
14/04/2010 17:01:13 org.apache.cxf.endpoint.ServerImpl initDestination
INFO: Setting the server's publish address to be /LoyaltyFundTransactionSummary
14/04/2010 17:01:13 org.apache.cxf.endpoint.ServerImpl initDestination
INFO: Setting the server's publish address to be /CustomerUtils
14/04/2010 17:01:15 org.apache.cxf.transport.servlet.CXFServlet updateContext
INFO: Load the bus with application context
14/04/2010 17:01:15 org.apache.cxf.bus.spring.BusApplicationContext getConfigResources
INFO: No cxf.xml configuration file detected, relying on defaults.
14/04/2010 17:01:15 org.apache.cxf.transport.servlet.AbstractCXFServlet replaceDestinationFactory
INFO: Servlet transport factory already registered 
14/04/2010 17:01:15 org.apache.catalina.startup.HostConfig deployDescriptor
INFO: Deploying configuration descriptor selenium-tests.xml
14/04/2010 17:01:15 org.apache.catalina.startup.HostConfig deployWAR
INFO: Deploying web application archive selenium.war
14/04/2010 17:01:16 org.apache.catalina.startup.HostConfig deployDirectory
INFO: Deploying web application directory .svn
14/04/2010 17:01:16 org.apache.catalina.startup.HostConfig deployDirectory
INFO: Deploying web application directory ROOT
14/04/2010 17:01:16 org.apache.coyote.http11.Http11Protocol start
INFO: Starting Coyote HTTP/1.1 on http-8080
14/04/2010 17:01:16 org.apache.catalina.startup.Catalina start
INFO: Server startup in 10796 ms
14/04/2010 17:01:54 org.apache.coyote.http11.Http11Protocol pause
INFO: Pausing Coyote HTTP/1.1 on http-8080
14/04/2010 17:01:55 org.apache.catalina.core.StandardService stop
INFO: Stopping service Catalina
14/04/2010 17:01:55 org.apache.catalina.loader.WebappClassLoader clearReferencesThreads
SEVERE: A web application appears to have started a thread named [DefaultQuartzScheduler_Worker-1] but has failed to stop it. This is very likely to create a memory leak.
14/04/2010 17:01:55 org.apache.catalina.loader.WebappClassLoader clearReferencesThreads
SEVERE: A web application appears to have started a thread named [DefaultQuartzScheduler_Worker-2] but has failed to stop it. This is very likely to create a memory leak.
14/04/2010 17:01:55 org.apache.catalina.loader.WebappClassLoader clearReferencesThreads
SEVERE: A web application appears to have started a thread named [DefaultQuartzScheduler_Worker-3] but has failed to stop it. This is very likely to create a memory leak.
14/04/2010 17:01:55 org.apache.catalina.loader.WebappClassLoader clearReferencesThreads
SEVERE: A web application appears to have started a thread named [DefaultQuartzScheduler_Worker-4] but has failed to stop it. This is very likely to create a memory leak.
14/04/2010 17:01:55 org.apache.catalina.loader.WebappClassLoader clearReferencesThreads
SEVERE: A web application appears to have started a thread named [DefaultQuartzScheduler_Worker-5] but has failed to stop it. This is very likely to create a memory leak.
14/04/2010 17:01:55 org.apache.catalina.loader.WebappClassLoader clearReferencesThreads
SEVERE: A web application appears to have started a thread named [cayenne-edt-21846043-0] but has failed to stop it. This is very likely to create a memory leak.
14/04/2010 17:01:55 org.apache.catalina.loader.WebappClassLoader clearReferencesThreads
SEVERE: A web application appears to have started a thread named [cayenne-edt-21846043-1] but has failed to stop it. This is very likely to create a memory leak.
14/04/2010 17:01:55 org.apache.catalina.loader.WebappClassLoader clearReferencesThreads
SEVERE: A web application appears to have started a thread named [cayenne-edt-21846043-2] but has failed to stop it. This is very likely to create a memory leak.
14/04/2010 17:01:55 org.apache.catalina.loader.WebappClassLoader clearReferencesThreads
SEVERE: A web application appears to have started a thread named [cayenne-edt-21846043-3] but has failed to stop it. This is very likely to create a memory leak.
14/04/2010 17:01:55 org.apache.catalina.loader.WebappClassLoader clearReferencesThreads
SEVERE: A web application appears to have started a thread named [cayenne-edt-21846043-4] but has failed to stop it. This is very likely to create a memory leak.
14/04/2010 17:01:55 org.apache.catalina.loader.WebappClassLoader clearReferencesThreads
SEVERE: A web application appears to have started a thread named [PoolManagerCleanup-20693770] but has failed to stop it. This is very likely to create a memory leak.
14/04/2010 17:01:55 org.apache.catalina.loader.WebappClassLoader clearReferencesThreads
SEVERE: A web application appears to have started a thread named [PoolManagerCleanup-23966866] but has failed to stop it. This is very likely to create a memory leak.
14/04/2010 17:01:55 org.apache.catalina.loader.WebappClassLoader clearReferencesThreads
SEVERE: A web application appears to have started a thread named [cayenne-edt-16129884-0] but has failed to stop it. This is very likely to create a memory leak.
14/04/2010 17:01:55 org.apache.catalina.loader.WebappClassLoader clearReferencesThreads
SEVERE: A web application appears to have started a thread named [cayenne-edt-16129884-1] but has failed to stop it. This is very likely to create a memory leak.
14/04/2010 17:01:55 org.apache.catalina.loader.WebappClassLoader clearReferencesThreads
SEVERE: A web application appears to have started a thread named [cayenne-edt-16129884-2] but has failed to stop it. This is very likely to create a memory leak.
14/04/2010 17:01:55 org.apache.catalina.loader.WebappClassLoader clearReferencesThreads
SEVERE: A web application appears to have started a thread named [cayenne-edt-16129884-3] but has failed to stop it. This is very likely to create a memory leak.
14/04/2010 17:01:55 org.apache.catalina.loader.WebappClassLoader clearReferencesThreads
SEVERE: A web application appears to have started a thread named [cayenne-edt-16129884-4] but has failed to stop it. This is very likely to create a memory leak.
14/04/2010 17:01:55 org.apache.catalina.loader.WebappClassLoader clearReferencesThreads
SEVERE: A web application appears to have started a thread named [PoolManagerCleanup-68713] but has failed to stop it. This is very likely to create a memory leak.
14/04/2010 17:01:55 org.apache.catalina.loader.WebappClassLoader clearReferencesThreads
SEVERE: A web application appears to have started a thread named [PoolManagerCleanup-14023934] but has failed to stop it. This is very likely to create a memory leak.
14/04/2010 17:01:55 org.apache.catalina.loader.WebappClassLoader clearThreadLocalMap
SEVERE: A web application created a ThreadLocal with key of type [org.springframework.core.NamedThreadLocal] (value [Prototype beans currently in creation]) and a value of type [null] (value [null]) but failed to remove it when the web application was stopped. To prevent a memory leak, the ThreadLocal has been forcibly removed.
14/04/2010 17:01:55 org.apache.catalina.loader.WebappClassLoader clearThreadLocalMap
SEVERE: A web application created a ThreadLocal with key of type [org.springframework.core.NamedThreadLocal] (value [Prototype beans currently in creation]) and a value of type [null] (value [null]) but failed to remove it when the web application was stopped. To prevent a memory leak, the ThreadLocal has been forcibly removed.
14/04/2010 17:01:56 org.apache.coyote.http11.Http11Protocol destroy
INFO: Stopping Coyote HTTP/1.1 on http-8080
14/04/2010 17:02:06 org.apache.catalina.core.AprLifecycleListener init
INFO: The APR based Apache Tomcat Native library which allows optimal performance in production environments was not found on the java.library.path: C:\bea\jdk150_11\bin;.;C:\WINDOWS\system32;C:\WINDOWS;C:\WINDOWS\system32;C:\WINDOWS;C:\WINDOWS\system32\WBEM;C:\Ruby\bin;C:\bea\jdk150_11\bin;C:\apache-ant-1.7.1\bin
14/04/2010 17:02:06 org.apache.coyote.http11.Http11Protocol init
INFO: Initializing Coyote HTTP/1.1 on http-8080
14/04/2010 17:02:06 org.apache.catalina.startup.Catalina load
INFO: Initialization processed in 453 ms
14/04/2010 17:02:06 org.apache.catalina.core.StandardService start
INFO: Starting service Catalina
14/04/2010 17:02:06 org.apache.catalina.core.StandardEngine start
INFO: Starting Servlet Engine: Apache Tomcat/6.0.24
14/04/2010 17:02:06 org.apache.catalina.startup.HostConfig deployDescriptor
INFO: Deploying configuration descriptor all4biz.xml
14/04/2010 17:02:15 org.apache.cxf.endpoint.ServerImpl initDestination
INFO: Setting the server's publish address to be /LoyaltyCalculationWebService
14/04/2010 17:02:15 org.apache.cxf.endpoint.ServerImpl initDestination
INFO: Setting the server's publish address to be /LoyaltyFundTransactionSummary
14/04/2010 17:02:15 org.apache.cxf.endpoint.ServerImpl initDestination
INFO: Setting the server's publish address to be /CustomerUtils
14/04/2010 17:02:18 org.apache.cxf.transport.servlet.CXFServlet updateContext
INFO: Load the bus with application context
14/04/2010 17:02:18 org.apache.cxf.bus.spring.BusApplicationContext getConfigResources
INFO: No cxf.xml configuration file detected, relying on defaults.
14/04/2010 17:02:18 org.apache.cxf.transport.servlet.AbstractCXFServlet replaceDestinationFactory
INFO: Servlet transport factory already registered 
14/04/2010 17:02:18 org.apache.catalina.startup.HostConfig deployDescriptor
INFO: Deploying configuration descriptor selenium-tests.xml
14/04/2010 17:02:18 org.apache.catalina.startup.HostConfig deployWAR
INFO: Deploying web application archive selenium.war
14/04/2010 17:02:18 org.apache.catalina.startup.HostConfig deployDirectory
INFO: Deploying web application directory .svn
14/04/2010 17:02:18 org.apache.catalina.startup.HostConfig deployDirectory
INFO: Deploying web application directory ROOT
14/04/2010 17:02:18 org.apache.coyote.http11.Http11Protocol start
INFO: Starting Coyote HTTP/1.1 on http-8080
14/04/2010 17:02:18 org.apache.catalina.startup.Catalina start
INFO: Server startup in 11761 ms
14/04/2010 17:34:53 org.apache.coyote.http11.Http11Protocol pause
INFO: Pausing Coyote HTTP/1.1 on http-8080
14/04/2010 17:34:54 org.apache.catalina.core.StandardService stop
INFO: Stopping service Catalina
14/04/2010 17:34:54 org.apache.catalina.loader.WebappClassLoader clearReferencesThreads
SEVERE: A web application appears to have started a thread named [DefaultQuartzScheduler_Worker-1] but has failed to stop it. This is very likely to create a memory leak.
14/04/2010 17:34:54 org.apache.catalina.loader.WebappClassLoader clearReferencesThreads
SEVERE: A web application appears to have started a thread named [DefaultQuartzScheduler_Worker-2] but has failed to stop it. This is very likely to create a memory leak.
14/04/2010 17:34:54 org.apache.catalina.loader.WebappClassLoader clearReferencesThreads
SEVERE: A web application appears to have started a thread named [DefaultQuartzScheduler_Worker-3] but has failed to stop it. This is very likely to create a memory leak.
14/04/2010 17:34:54 org.apache.catalina.loader.WebappClassLoader clearReferencesThreads
SEVERE: A web application appears to have started a thread named [DefaultQuartzScheduler_Worker-4] but has failed to stop it. This is very likely to create a memory leak.
14/04/2010 17:34:54 org.apache.catalina.loader.WebappClassLoader clearReferencesThreads
SEVERE: A web application appears to have started a thread named [DefaultQuartzScheduler_Worker-5] but has failed to stop it. This is very likely to create a memory leak.
14/04/2010 17:34:54 org.apache.catalina.loader.WebappClassLoader clearReferencesThreads
SEVERE: A web application appears to have started a thread named [cayenne-edt-21846043-0] but has failed to stop it. This is very likely to create a memory leak.
14/04/2010 17:34:54 org.apache.catalina.loader.WebappClassLoader clearReferencesThreads
SEVERE: A web application appears to have started a thread named [cayenne-edt-21846043-1] but has failed to stop it. This is very likely to create a memory leak.
14/04/2010 17:34:54 org.apache.catalina.loader.WebappClassLoader clearReferencesThreads
SEVERE: A web application appears to have started a thread named [cayenne-edt-21846043-2] but has failed to stop it. This is very likely to create a memory leak.
14/04/2010 17:34:54 org.apache.catalina.loader.WebappClassLoader clearReferencesThreads
SEVERE: A web application appears to have started a thread named [cayenne-edt-21846043-3] but has failed to stop it. This is very likely to create a memory leak.
14/04/2010 17:34:54 org.apache.catalina.loader.WebappClassLoader clearReferencesThreads
SEVERE: A web application appears to have started a thread named [cayenne-edt-21846043-4] but has failed to stop it. This is very likely to create a memory leak.
14/04/2010 17:34:54 org.apache.catalina.loader.WebappClassLoader clearReferencesThreads
SEVERE: A web application appears to have started a thread named [PoolManagerCleanup-20693770] but has failed to stop it. This is very likely to create a memory leak.
14/04/2010 17:34:54 org.apache.catalina.loader.WebappClassLoader clearReferencesThreads
SEVERE: A web application appears to have started a thread named [PoolManagerCleanup-23715584] but has failed to stop it. This is very likely to create a memory leak.
14/04/2010 17:34:54 org.apache.catalina.loader.WebappClassLoader clearReferencesThreads
SEVERE: A web application appears to have started a thread named [cayenne-edt-16129884-0] but has failed to stop it. This is very likely to create a memory leak.
14/04/2010 17:34:54 org.apache.catalina.loader.WebappClassLoader clearReferencesThreads
SEVERE: A web application appears to have started a thread named [cayenne-edt-16129884-1] but has failed to stop it. This is very likely to create a memory leak.
14/04/2010 17:34:54 org.apache.catalina.loader.WebappClassLoader clearReferencesThreads
SEVERE: A web application appears to have started a thread named [cayenne-edt-16129884-2] but has failed to stop it. This is very likely to create a memory leak.
14/04/2010 17:34:54 org.apache.catalina.loader.WebappClassLoader clearReferencesThreads
SEVERE: A web application appears to have started a thread named [cayenne-edt-16129884-3] but has failed to stop it. This is very likely to create a memory leak.
14/04/2010 17:34:54 org.apache.catalina.loader.WebappClassLoader clearReferencesThreads
SEVERE: A web application appears to have started a thread named [cayenne-edt-16129884-4] but has failed to stop it. This is very likely to create a memory leak.
14/04/2010 17:34:54 org.apache.catalina.loader.WebappClassLoader clearReferencesThreads
SEVERE: A web application appears to have started a thread named [PoolManagerCleanup-68713] but has failed to stop it. This is very likely to create a memory leak.
14/04/2010 17:34:54 org.apache.catalina.loader.WebappClassLoader clearReferencesThreads
SEVERE: A web application appears to have started a thread named [PoolManagerCleanup-14023934] but has failed to stop it. This is very likely to create a memory leak.
14/04/2010 17:34:54 org.apache.catalina.loader.WebappClassLoader clearThreadLocalMap
SEVERE: A web application created a ThreadLocal with key of type [org.springframework.core.NamedThreadLocal] (value [Prototype beans currently in creation]) and a value of type [null] (value [null]) but failed to remove it when the web application was stopped. To prevent a memory leak, the ThreadLocal has been forcibly removed.
14/04/2010 17:34:54 org.apache.catalina.loader.WebappClassLoader clearThreadLocalMap
SEVERE: A web application created a ThreadLocal with key of type [org.springframework.core.NamedThreadLocal] (value [Prototype beans currently in creation]) and a value of type [null] (value [null]) but failed to remove it when the web application was stopped. To prevent a memory leak, the ThreadLocal has been forcibly removed.
14/04/2010 17:34:55 org.apache.coyote.http11.Http11Protocol destroy
INFO: Stopping Coyote HTTP/1.1 on http-8080
14/04/2010 17:37:09 org.apache.catalina.core.AprLifecycleListener init
INFO: The APR based Apache Tomcat Native library which allows optimal performance in production environments was not found on the java.library.path: C:\bea\jdk150_11\bin;.;C:\WINDOWS\system32;C:\WINDOWS;C:\WINDOWS\system32;C:\WINDOWS;C:\WINDOWS\system32\WBEM;C:\Ruby\bin;C:\bea\jdk150_11\bin;C:\apache-ant-1.7.1\bin
14/04/2010 17:37:09 org.apache.coyote.http11.Http11Protocol init
INFO: Initializing Coyote HTTP/1.1 on http-8080
14/04/2010 17:37:09 org.apache.catalina.startup.Catalina load
INFO: Initialization processed in 349 ms
14/04/2010 17:37:09 org.apache.catalina.core.StandardService start
INFO: Starting service Catalina
14/04/2010 17:37:09 org.apache.catalina.core.StandardEngine start
INFO: Starting Servlet Engine: Apache Tomcat/6.0.24
14/04/2010 17:37:09 org.apache.catalina.startup.HostConfig deployDescriptor
INFO: Deploying configuration descriptor all4biz.xml
14/04/2010 17:37:15 org.apache.cxf.endpoint.ServerImpl initDestination
INFO: Setting the server's publish address to be /LoyaltyCalculationWebService
14/04/2010 17:37:15 org.apache.cxf.endpoint.ServerImpl initDestination
INFO: Setting the server's publish address to be /LoyaltyFundTransactionSummary
14/04/2010 17:37:15 org.apache.cxf.endpoint.ServerImpl initDestination
INFO: Setting the server's publish address to be /CustomerUtils
14/04/2010 17:37:17 org.apache.cxf.transport.servlet.CXFServlet updateContext
INFO: Load the bus with application context
14/04/2010 17:37:17 org.apache.cxf.bus.spring.BusApplicationContext getConfigResources
INFO: No cxf.xml configuration file detected, relying on defaults.
14/04/2010 17:37:17 org.apache.cxf.transport.servlet.AbstractCXFServlet replaceDestinationFactory
INFO: Servlet transport factory already registered 
14/04/2010 17:37:17 org.apache.catalina.startup.HostConfig deployDescriptor
INFO: Deploying configuration descriptor selenium-tests.xml
14/04/2010 17:37:17 org.apache.catalina.startup.HostConfig deployWAR
INFO: Deploying web application archive selenium.war
14/04/2010 17:37:17 org.apache.catalina.startup.HostConfig deployDirectory
INFO: Deploying web application directory .svn
14/04/2010 17:37:17 org.apache.catalina.startup.HostConfig deployDirectory
INFO: Deploying web application directory ROOT
14/04/2010 17:37:17 org.apache.coyote.http11.Http11Protocol start
INFO: Starting Coyote HTTP/1.1 on http-8080
14/04/2010 17:37:17 org.apache.catalina.startup.Catalina start
INFO: Server startup in 7561 ms
14/04/2010 17:37:48 org.apache.coyote.http11.Http11Protocol pause
INFO: Pausing Coyote HTTP/1.1 on http-8080
14/04/2010 17:38:04 org.apache.catalina.core.AprLifecycleListener init
INFO: The APR based Apache Tomcat Native library which allows optimal performance in production environments was not found on the java.library.path: C:\bea\jdk150_11\bin;.;C:\WINDOWS\system32;C:\WINDOWS;C:\WINDOWS\system32;C:\WINDOWS;C:\WINDOWS\system32\WBEM;C:\Ruby\bin;C:\bea\jdk150_11\bin;C:\apache-ant-1.7.1\bin
14/04/2010 17:38:05 org.apache.coyote.http11.Http11Protocol init
INFO: Initializing Coyote HTTP/1.1 on http-8080
14/04/2010 17:38:05 org.apache.catalina.startup.Catalina load
INFO: Initialization processed in 358 ms
14/04/2010 17:38:05 org.apache.catalina.core.StandardService start
INFO: Starting service Catalina
14/04/2010 17:38:05 org.apache.catalina.core.StandardEngine start
INFO: Starting Servlet Engine: Apache Tomcat/6.0.24
14/04/2010 17:38:05 org.apache.catalina.startup.HostConfig deployDescriptor
INFO: Deploying configuration descriptor all4biz.xml
14/04/2010 17:38:10 org.apache.cxf.endpoint.ServerImpl initDestination
INFO: Setting the server's publish address to be /LoyaltyCalculationWebService
14/04/2010 17:38:10 org.apache.cxf.endpoint.ServerImpl initDestination
INFO: Setting the server's publish address to be /LoyaltyFundTransactionSummary
14/04/2010 17:38:10 org.apache.cxf.endpoint.ServerImpl initDestination
INFO: Setting the server's publish address to be /CustomerUtils
14/04/2010 17:38:12 org.apache.cxf.transport.servlet.CXFServlet updateContext
INFO: Load the bus with application context
14/04/2010 17:38:12 org.apache.cxf.bus.spring.BusApplicationContext getConfigResources
INFO: No cxf.xml configuration file detected, relying on defaults.
14/04/2010 17:38:12 org.apache.cxf.transport.servlet.AbstractCXFServlet replaceDestinationFactory
INFO: Servlet transport factory already registered 
14/04/2010 17:38:12 org.apache.catalina.startup.HostConfig deployDescriptor
INFO: Deploying configuration descriptor selenium-tests.xml
14/04/2010 17:38:12 org.apache.catalina.startup.HostConfig deployWAR
INFO: Deploying web application archive selenium.war
14/04/2010 17:38:12 org.apache.catalina.startup.HostConfig deployDirectory
INFO: Deploying web application directory .svn
14/04/2010 17:38:12 org.apache.catalina.startup.HostConfig deployDirectory
INFO: Deploying web application directory ROOT
14/04/2010 17:38:12 org.apache.coyote.http11.Http11Protocol start
INFO: Starting Coyote HTTP/1.1 on http-8080
14/04/2010 17:38:12 org.apache.catalina.startup.Catalina start
INFO: Server startup in 7764 ms
14/04/2010 17:39:21 org.apache.tomcat.util.modeler.Registry registerComponent
SEVERE: Error registering Catalina:type=RequestProcessor,worker=http-8080,name=HttpRequest2
java.security.AccessControlException: access denied (javax.management.MBeanTrustPermission register)
	at java.security.AccessControlContext.checkPermission(AccessControlContext.java:264)
	at java.lang.SecurityManager.checkPermission(SecurityManager.java:568)
	at com.sun.jmx.interceptor.DefaultMBeanServerInterceptor.checkMBeanTrustPermission(DefaultMBeanServerInterceptor.java:1724)
	at com.sun.jmx.interceptor.DefaultMBeanServerInterceptor.registerMBean(DefaultMBeanServerInterceptor.java:335)
	at com.sun.jmx.mbeanserver.JmxMBeanServer.registerMBean(JmxMBeanServer.java:497)
	at org.apache.tomcat.util.modeler.Registry.registerComponent(Registry.java:806)
	at org.apache.coyote.http11.Http11Protocol$Http11ConnectionHandler.register(Http11Protocol.java:656)
	at org.apache.coyote.http11.Http11Protocol$Http11ConnectionHandler.createProcessor(Http11Protocol.java:639)
	at org.apache.coyote.http11.Http11Protocol$Http11ConnectionHandler.process(Http11Protocol.java:574)
	at org.apache.tomcat.util.net.JIoEndpoint$Worker.run(JIoEndpoint.java:489)
	at java.lang.Thread.run(Thread.java:595)
14/04/2010 17:39:21 org.apache.coyote.http11.Http11Protocol$Http11ConnectionHandler register
WARNING: Error registering request
14/04/2010 17:39:29 org.apache.tomcat.util.modeler.Registry registerComponent
SEVERE: Error registering Catalina:type=RequestProcessor,worker=http-8080,name=HttpRequest3
java.security.AccessControlException: access denied (javax.management.MBeanTrustPermission register)
	at java.security.AccessControlContext.checkPermission(AccessControlContext.java:264)
	at java.lang.SecurityManager.checkPermission(SecurityManager.java:568)
	at com.sun.jmx.interceptor.DefaultMBeanServerInterceptor.checkMBeanTrustPermission(DefaultMBeanServerInterceptor.java:1724)
	at com.sun.jmx.interceptor.DefaultMBeanServerInterceptor.registerMBean(DefaultMBeanServerInterceptor.java:335)
	at com.sun.jmx.mbeanserver.JmxMBeanServer.registerMBean(JmxMBeanServer.java:497)
	at org.apache.tomcat.util.modeler.Registry.registerComponent(Registry.java:806)
	at org.apache.coyote.http11.Http11Protocol$Http11ConnectionHandler.register(Http11Protocol.java:656)
	at org.apache.coyote.http11.Http11Protocol$Http11ConnectionHandler.createProcessor(Http11Protocol.java:639)
	at org.apache.coyote.http11.Http11Protocol$Http11ConnectionHandler.process(Http11Protocol.java:574)
	at org.apache.tomcat.util.net.JIoEndpoint$Worker.run(JIoEndpoint.java:489)
	at java.lang.Thread.run(Thread.java:595)
14/04/2010 17:39:29 org.apache.coyote.http11.Http11Protocol$Http11ConnectionHandler register
WARNING: Error registering request
14/04/2010 17:40:51 org.apache.coyote.http11.Http11Protocol pause
INFO: Pausing Coyote HTTP/1.1 on http-8080
