7/04/2010 15:07:17 org.apache.catalina.core.AprLifecycleListener init
INFO: The APR based Apache Tomcat Native library which allows optimal performance in production environments was not found on the java.library.path: C:\bea\jdk150_11\bin;.;C:\WINDOWS\system32;C:\WINDOWS;C:\WINDOWS\system32;C:\WINDOWS;C:\WINDOWS\system32\WBEM;C:\Ruby\bin;C:\bea\jdk150_11\bin;C:\apache-ant-1.7.1\bin
7/04/2010 15:07:17 org.apache.coyote.http11.Http11Protocol init
INFO: Initializing Coyote HTTP/1.1 on http-8080
7/04/2010 15:07:17 org.apache.catalina.startup.Catalina load
INFO: Initialization processed in 349 ms
7/04/2010 15:07:17 org.apache.catalina.core.StandardService start
INFO: Starting service Catalina
7/04/2010 15:07:17 org.apache.catalina.core.StandardEngine start
INFO: Starting Servlet Engine: Apache Tomcat/6.0.24
7/04/2010 15:07:17 org.apache.catalina.startup.HostConfig deployDescriptor
INFO: Deploying configuration descriptor all4biz.xml
7/04/2010 15:07:22 org.apache.cxf.endpoint.ServerImpl initDestination
INFO: Setting the server's publish address to be /LoyaltyCalculationWebService
7/04/2010 15:07:22 org.apache.cxf.endpoint.ServerImpl initDestination
INFO: Setting the server's publish address to be /LoyaltyFundTransactionSummary
7/04/2010 15:07:22 org.apache.cxf.endpoint.ServerImpl initDestination
INFO: Setting the server's publish address to be /CustomerUtils
7/04/2010 15:07:23 org.apache.cxf.transport.servlet.CXFServlet updateContext
INFO: Load the bus with application context
7/04/2010 15:07:23 org.apache.cxf.bus.spring.BusApplicationContext getConfigResources
INFO: No cxf.xml configuration file detected, relying on defaults.
7/04/2010 15:07:23 org.apache.cxf.transport.servlet.AbstractCXFServlet replaceDestinationFactory
INFO: Servlet transport factory already registered 
7/04/2010 15:07:23 org.apache.catalina.startup.HostConfig deployDescriptor
INFO: Deploying configuration descriptor selenium-tests.xml
7/04/2010 15:07:23 org.apache.catalina.startup.HostConfig deployWAR
INFO: Deploying web application archive selenium.war
7/04/2010 15:07:23 org.apache.catalina.startup.HostConfig deployDirectory
INFO: Deploying web application directory .svn
7/04/2010 15:07:23 org.apache.catalina.startup.HostConfig deployDirectory
INFO: Deploying web application directory ROOT
7/04/2010 15:07:23 org.apache.coyote.http11.Http11Protocol start
INFO: Starting Coyote HTTP/1.1 on http-8080
7/04/2010 15:07:23 org.apache.catalina.startup.Catalina start
INFO: Server startup in 5532 ms
7/04/2010 15:07:48 org.apache.tomcat.util.modeler.Registry registerComponent
SEVERE: Error registering Catalina:type=RequestProcessor,worker=http-8080,name=HttpRequest2
java.security.AccessControlException: access denied (javax.management.MBeanTrustPermission register)
	at java.security.AccessControlContext.checkPermission(AccessControlContext.java:264)
	at java.lang.SecurityManager.checkPermission(SecurityManager.java:568)
	at com.sun.jmx.interceptor.DefaultMBeanServerInterceptor.checkMBeanTrustPermission(DefaultMBeanServerInterceptor.java:1724)
	at com.sun.jmx.interceptor.DefaultMBeanServerInterceptor.registerMBean(DefaultMBeanServerInterceptor.java:335)
	at com.sun.jmx.mbeanserver.JmxMBeanServer.registerMBean(JmxMBeanServer.java:497)
	at org.apache.tomcat.util.modeler.Registry.registerComponent(Registry.java:806)
	at org.apache.coyote.http11.Http11Protocol$Http11ConnectionHandler.register(Http11Protocol.java:656)
	at org.apache.coyote.http11.Http11Protocol$Http11ConnectionHandler.createProcessor(Http11Protocol.java:639)
	at org.apache.coyote.http11.Http11Protocol$Http11ConnectionHandler.process(Http11Protocol.java:574)
	at org.apache.tomcat.util.net.JIoEndpoint$Worker.run(JIoEndpoint.java:489)
	at java.lang.Thread.run(Thread.java:595)
7/04/2010 15:07:48 org.apache.coyote.http11.Http11Protocol$Http11ConnectionHandler register
WARNING: Error registering request
